2022-05-10 11:39:00,564 INFO  [TestBase] Setting up Test data Excel sheet 
2022-05-10 11:39:00,568 INFO  [Directory] Clearing content in below folder: 
/Users/mibin.boban/Documents/Solutions/ccs-enterprise-automation-ui-project/screenshots/ 
2022-05-10 11:39:00,570 INFO  [Directory] Clearing content in below folder: 
/Users/mibin.boban/Documents/Solutions/ccs-enterprise-automation-ui-project/target/html-report/ 
2022-05-10 11:39:00,572 INFO  [Directory] Directory was created
/Users/mibin.boban/Documents/Solutions/ccs-enterprise-automation-ui-project/target/html-report/ 
2022-05-10 11:39:01,079 INFO  [TestBase] Obj repository:/Users/mibin.boban/Documents/Solutions/ccs-enterprise-automation-ui-project/src/test/resources/objectRepository/ 
2022-05-10 11:39:01,079 INFO  [TestBase] Obj repository:2 
2022-05-10 11:39:01,089 INFO  [Executor] Getting List of Test Cases to execute. 
2022-05-10 11:39:40,446 INFO  [Log] ********************************CCS Enterprise Test Automation*************************************** 
2022-05-10 11:39:40,446 INFO  [Log] **************************************************************************************** 
2022-05-10 11:39:40,447 INFO  [Log] 				TC001_SIGNIN START 
2022-05-10 11:39:40,447 INFO  [Log] **************************************************************************************** 
2022-05-10 11:39:40,448 INFO  [Log] **************************************************************************************** 
2022-05-10 11:39:40,576 INFO  [Executor] Keyword: ClickOnElement Value:  
2022-05-10 11:39:40,948 INFO  [Log] ********************************CCS Enterprise Test Automation*************************************** 
2022-05-10 11:39:40,948 INFO  [Log] **************************************************************************************** 
2022-05-10 11:39:40,949 INFO  [Log] 				TC002_SIGNUP START 
2022-05-10 11:39:40,950 INFO  [Log] **************************************************************************************** 
2022-05-10 11:39:40,951 INFO  [Log] **************************************************************************************** 
2022-05-10 11:39:40,953 INFO  [Executor] Keyword: ClickOnElement Value:  
2022-05-10 11:39:55,238 INFO  [Executor] Keyword: HighlightElement Value:  
2022-05-10 11:39:55,415 INFO  [Executor] Keyword: SaveElemText Value:  
2022-05-10 11:39:55,462 INFO  [Executor] Keyword: VerifyWithSavedValue Value: elm_message 
2022-05-10 11:39:55,568 INFO  [TestBase] Closing all the browser. 
2022-05-10 11:39:55,873 INFO  [Executor] Keyword: HighlightElement Value:  
2022-05-10 11:39:56,214 INFO  [TestBase] Closing all the browser. 
2022-05-10 11:39:57,881 INFO  [Log] **************************************************************************************** 
2022-05-10 11:39:57,881 INFO  [Log] **************************************************************************************** 
2022-05-10 11:39:57,881 INFO  [Log] 				TC001_SIGNIN PASS 
2022-05-10 11:39:57,882 INFO  [Log] **************************************************************************************** 
2022-05-10 11:39:57,882 INFO  [Log] **************************************************************************************** 
2022-05-10 11:39:57,920 INFO  [Log] **************************************************************************************** 
2022-05-10 11:39:57,920 INFO  [Log] **************************************************************************************** 
2022-05-10 11:39:57,920 INFO  [Log] 				TC002_SIGNUP PASS 
2022-05-10 11:39:57,920 INFO  [Log] **************************************************************************************** 
2022-05-10 11:39:57,920 INFO  [Log] **************************************************************************************** 
2022-07-21 14:38:58,238 INFO  [TestBase] Setting up Test data Excel sheet 
2022-07-21 14:38:58,243 INFO  [Directory] Clearing content in below folder: 
/Users/mibin.boban/Documents/Solutions/ccs-enterprise-automation-ui-project/screenshots/ 
2022-07-21 14:38:58,244 INFO  [Directory] Clearing content in below folder: 
/Users/mibin.boban/Documents/Solutions/ccs-enterprise-automation-ui-project/target/html-report/ 
2022-07-21 14:38:58,247 INFO  [Directory] Directory was created
/Users/mibin.boban/Documents/Solutions/ccs-enterprise-automation-ui-project/target/html-report/ 
2022-07-21 14:38:58,981 INFO  [TestBase] Obj repository:/Users/mibin.boban/Documents/Solutions/ccs-enterprise-automation-ui-project/src/test/resources/objectRepository/ 
2022-07-21 14:38:58,981 INFO  [TestBase] Obj repository:2 
2022-07-21 14:38:59,002 INFO  [Executor] Getting List of Test Cases to execute. 
2022-07-21 14:38:59,002 INFO  [Executor] Getting List of Test Cases to execute. 
2022-07-21 14:38:59,002 INFO  [Executor] Getting List of Test Cases to execute. 
2022-07-21 14:39:15,364 INFO  [Log] ********************************CCS Enterprise Test Automation*************************************** 
2022-07-21 14:39:15,365 INFO  [Log] **************************************************************************************** 
2022-07-21 14:39:15,365 INFO  [Log] 				TC002_SIGNUP START 
2022-07-21 14:39:15,366 INFO  [Log] **************************************************************************************** 
2022-07-21 14:39:15,366 INFO  [Log] **************************************************************************************** 
2022-07-21 14:39:15,497 INFO  [Executor] Keyword: ClickOnElement Value:  
2022-07-21 14:39:15,593 INFO  [Log] ********************************CCS Enterprise Test Automation*************************************** 
2022-07-21 14:39:15,595 INFO  [Log] **************************************************************************************** 
2022-07-21 14:39:15,595 INFO  [Log] 				TC002_SIGNUP START 
2022-07-21 14:39:15,595 INFO  [Log] **************************************************************************************** 
2022-07-21 14:39:15,596 INFO  [Log] **************************************************************************************** 
2022-07-21 14:39:15,597 INFO  [Executor] Keyword: ClickOnElement Value:  
2022-07-21 14:39:16,495 INFO  [Log] ********************************CCS Enterprise Test Automation*************************************** 
2022-07-21 14:39:16,495 INFO  [Log] **************************************************************************************** 
2022-07-21 14:39:16,496 INFO  [Log] 				TC001_SIGNIN START 
2022-07-21 14:39:16,497 INFO  [Log] **************************************************************************************** 
2022-07-21 14:39:16,497 INFO  [Log] **************************************************************************************** 
2022-07-21 14:39:16,500 INFO  [Executor] Keyword: ClickOnElement Value:  
2022-07-21 14:39:23,577 INFO  [Log] ********************************CCS Enterprise Test Automation*************************************** 
2022-07-21 14:39:23,577 INFO  [Log] **************************************************************************************** 
2022-07-21 14:39:23,577 INFO  [Log] 				TC001_SIGNIN START 
2022-07-21 14:39:23,578 INFO  [Log] **************************************************************************************** 
2022-07-21 14:39:23,578 INFO  [Log] **************************************************************************************** 
2022-07-21 14:39:23,579 INFO  [Executor] Keyword: ClickOnElement Value:  
2022-07-21 14:39:24,256 INFO  [Log] ********************************CCS Enterprise Test Automation*************************************** 
2022-07-21 14:39:24,257 INFO  [Log] **************************************************************************************** 
2022-07-21 14:39:24,257 INFO  [Log] 				TC002_SIGNUP START 
2022-07-21 14:39:24,258 INFO  [Log] **************************************************************************************** 
2022-07-21 14:39:24,258 INFO  [Log] **************************************************************************************** 
2022-07-21 14:39:24,260 INFO  [Executor] Keyword: ClickOnElement Value:  
2022-07-21 14:39:26,306 ERROR [Executor] Exception Occurred while executing the step:
 
java.lang.reflect.InvocationTargetException
	at java.base/jdk.internal.reflect.NativeMethodAccessorImpl.invoke0(Native Method)
	at java.base/jdk.internal.reflect.NativeMethodAccessorImpl.invoke(NativeMethodAccessorImpl.java:77)
	at java.base/jdk.internal.reflect.DelegatingMethodAccessorImpl.invoke(DelegatingMethodAccessorImpl.java:43)
	at java.base/java.lang.reflect.Method.invoke(Method.java:568)
	at com.ccs.masterConfig.Executor.executeAction(Executor.java:75)
	at com.ccs.masterConfig.Executor.executeTestCase(Executor.java:50)
	at com.ccs.runner.TestExecutor.testCasesExecutor(TestExecutor.java:46)
	at java.base/jdk.internal.reflect.NativeMethodAccessorImpl.invoke0(Native Method)
	at java.base/jdk.internal.reflect.NativeMethodAccessorImpl.invoke(NativeMethodAccessorImpl.java:77)
	at java.base/jdk.internal.reflect.DelegatingMethodAccessorImpl.invoke(DelegatingMethodAccessorImpl.java:43)
	at java.base/java.lang.reflect.Method.invoke(Method.java:568)
	at org.testng.internal.MethodInvocationHelper.invokeMethod(MethodInvocationHelper.java:124)
	at org.testng.internal.Invoker.invokeMethod(Invoker.java:583)
	at org.testng.internal.Invoker.invokeTestMethod(Invoker.java:719)
	at org.testng.internal.TestMethodWithDataProviderMethodWorker.call(TestMethodWithDataProviderMethodWorker.java:71)
	at org.testng.internal.TestMethodWithDataProviderMethodWorker.call(TestMethodWithDataProviderMethodWorker.java:14)
	at java.base/java.util.concurrent.FutureTask.run(FutureTask.java:264)
	at java.base/java.util.concurrent.Executors$RunnableAdapter.call(Executors.java:539)
	at java.base/java.util.concurrent.FutureTask.run(FutureTask.java:264)
	at java.base/java.util.concurrent.ThreadPoolExecutor.runWorker(ThreadPoolExecutor.java:1136)
	at java.base/java.util.concurrent.ThreadPoolExecutor$Worker.run(ThreadPoolExecutor.java:635)
	at java.base/java.lang.Thread.run(Thread.java:833)
Caused by: org.openqa.selenium.NoSuchElementException: Timed out after 10 seconds. Unable to locate the element
	at org.openqa.selenium.support.pagefactory.AjaxElementLocator.findElement(AjaxElementLocator.java:99)
	at org.openqa.selenium.support.pagefactory.internal.LocatingElementHandler.invoke(LocatingElementHandler.java:38)
	at jdk.proxy2/jdk.proxy2.$Proxy10.getText(Unknown Source)
	at com.ccs.masterPages.ManageElements.clickOnElement(ManageElements.java:46)
	at com.ccs.masterActions.ActionsClass.ClickOnElement(ActionsClass.java:39)
	... 22 more
Caused by: org.openqa.selenium.NoSuchElementException: no such element: Unable to locate element: {"method":"css selector","selector":"*[name='element']"}
  (Session info: chrome=103.0.5060.114)
For documentation on this error, please visit: https://www.seleniumhq.org/exceptions/no_such_element.html
Build info: version: '3.141.59', revision: 'e82be7d358', time: '2018-11-14T08:17:03'
System info: host: 'CO-CC03069', ip: '192.168.8.100', os.name: 'Mac OS X', os.arch: 'x86_64', os.version: '11.6.7', java.version: '17'
Driver info: org.openqa.selenium.remote.RemoteWebDriver
Capabilities {acceptInsecureCerts: false, browserName: chrome, browserVersion: 103.0.5060.114, chrome: {chromedriverVersion: 103.0.5060.24 (e47b049c438c..., userDataDir: C:\Windows\proxy\scoped_dir...}, goog:chromeOptions: {debuggerAddress: localhost:4528}, javascriptEnabled: true, networkConnectionEnabled: false, pageLoadStrategy: normal, platform: WINDOWS, platformName: WINDOWS, proxy: Proxy(), setWindowRect: true, strictFileInteractability: false, timeouts: {implicit: 0, pageLoad: 300000, script: 30000}, unhandledPromptBehavior: dismiss and notify, webauthn:extension:credBlob: true, webauthn:extension:largeBlob: true, webauthn:virtualAuthenticators: true, webdriver.remote.sessionid: 70e14c95fc5d677706d1ec59332...}
Session ID: 70e14c95fc5d677706d1ec59332f8c0c7e54b4be
*** Element info: {Using=name, value=element}
	at jdk.internal.reflect.GeneratedConstructorAccessor16.newInstance(Unknown Source)
	at java.base/jdk.internal.reflect.DelegatingConstructorAccessorImpl.newInstance(DelegatingConstructorAccessorImpl.java:45)
	at java.base/java.lang.reflect.Constructor.newInstanceWithCaller(Constructor.java:499)
	at java.base/java.lang.reflect.Constructor.newInstance(Constructor.java:480)
	at org.openqa.selenium.remote.http.W3CHttpResponseCodec.createException(W3CHttpResponseCodec.java:187)
	at org.openqa.selenium.remote.http.W3CHttpResponseCodec.decode(W3CHttpResponseCodec.java:122)
	at org.openqa.selenium.remote.http.W3CHttpResponseCodec.decode(W3CHttpResponseCodec.java:49)
	at org.openqa.selenium.remote.HttpCommandExecutor.execute(HttpCommandExecutor.java:158)
	at org.openqa.selenium.remote.RemoteWebDriver.execute(RemoteWebDriver.java:552)
	at org.openqa.selenium.remote.RemoteWebDriver.findElement(RemoteWebDriver.java:323)
	at org.openqa.selenium.remote.RemoteWebDriver.findElementByName(RemoteWebDriver.java:404)
	at org.openqa.selenium.By$ByName.findElement(By.java:284)
	at org.openqa.selenium.support.ByIdOrName.findElement(ByIdOrName.java:50)
	at org.openqa.selenium.remote.RemoteWebDriver.findElement(RemoteWebDriver.java:315)
	at org.openqa.selenium.support.pagefactory.DefaultElementLocator.findElement(DefaultElementLocator.java:69)
	at org.openqa.selenium.support.pagefactory.AjaxElementLocator.access$001(AjaxElementLocator.java:39)
	at org.openqa.selenium.support.pagefactory.AjaxElementLocator$SlowLoadingElement.isLoaded(AjaxElementLocator.java:165)
	at org.openqa.selenium.support.ui.SlowLoadableComponent.get(SlowLoadableComponent.java:72)
	at org.openqa.selenium.support.pagefactory.AjaxElementLocator.findElement(AjaxElementLocator.java:95)
	... 26 more
2022-07-21 14:39:26,378 ERROR [Executor] Exception Occurred while executing the step:
 
java.lang.reflect.InvocationTargetException
	at java.base/jdk.internal.reflect.NativeMethodAccessorImpl.invoke0(Native Method)
	at java.base/jdk.internal.reflect.NativeMethodAccessorImpl.invoke(NativeMethodAccessorImpl.java:77)
	at java.base/jdk.internal.reflect.DelegatingMethodAccessorImpl.invoke(DelegatingMethodAccessorImpl.java:43)
	at java.base/java.lang.reflect.Method.invoke(Method.java:568)
	at com.ccs.masterConfig.Executor.executeAction(Executor.java:75)
	at com.ccs.masterConfig.Executor.executeTestCase(Executor.java:50)
	at com.ccs.runner.TestExecutor.testCasesExecutor(TestExecutor.java:46)
	at java.base/jdk.internal.reflect.NativeMethodAccessorImpl.invoke0(Native Method)
	at java.base/jdk.internal.reflect.NativeMethodAccessorImpl.invoke(NativeMethodAccessorImpl.java:77)
	at java.base/jdk.internal.reflect.DelegatingMethodAccessorImpl.invoke(DelegatingMethodAccessorImpl.java:43)
	at java.base/java.lang.reflect.Method.invoke(Method.java:568)
	at org.testng.internal.MethodInvocationHelper.invokeMethod(MethodInvocationHelper.java:124)
	at org.testng.internal.Invoker.invokeMethod(Invoker.java:583)
	at org.testng.internal.Invoker.invokeTestMethod(Invoker.java:719)
	at org.testng.internal.TestMethodWithDataProviderMethodWorker.call(TestMethodWithDataProviderMethodWorker.java:71)
	at org.testng.internal.TestMethodWithDataProviderMethodWorker.call(TestMethodWithDataProviderMethodWorker.java:14)
	at java.base/java.util.concurrent.FutureTask.run(FutureTask.java:264)
	at java.base/java.util.concurrent.Executors$RunnableAdapter.call(Executors.java:539)
	at java.base/java.util.concurrent.FutureTask.run(FutureTask.java:264)
	at java.base/java.util.concurrent.ThreadPoolExecutor.runWorker(ThreadPoolExecutor.java:1136)
	at java.base/java.util.concurrent.ThreadPoolExecutor$Worker.run(ThreadPoolExecutor.java:635)
	at java.base/java.lang.Thread.run(Thread.java:833)
Caused by: org.openqa.selenium.NoSuchElementException: Timed out after 10 seconds. Unable to locate the element
	at org.openqa.selenium.support.pagefactory.AjaxElementLocator.findElement(AjaxElementLocator.java:99)
	at org.openqa.selenium.support.pagefactory.internal.LocatingElementHandler.invoke(LocatingElementHandler.java:38)
	at jdk.proxy2/jdk.proxy2.$Proxy10.getText(Unknown Source)
	at com.ccs.masterPages.ManageElements.clickOnElement(ManageElements.java:46)
	at com.ccs.masterActions.ActionsClass.ClickOnElement(ActionsClass.java:39)
	... 22 more
Caused by: org.openqa.selenium.NoSuchElementException: 
For documentation on this error, please visit: https://www.seleniumhq.org/exceptions/no_such_element.html
Build info: version: '3.141.59', revision: 'e82be7d358', time: '2018-11-14T08:17:03'
System info: host: 'CO-CC03069', ip: '192.168.8.100', os.name: 'Mac OS X', os.arch: 'x86_64', os.version: '11.6.7', java.version: '17'
Driver info: org.openqa.selenium.remote.RemoteWebDriver
Capabilities {acceptInsecureCerts: false, browserName: Safari, browserVersion: 14.1.2, javascriptEnabled: true, platform: MAC, platformName: MAC, safari:automaticInspection: false, safari:automaticProfiling: false, safari:diagnose: false, safari:platformBuildVersion: 20G314, safari:platformVersion: 11.6.2, safari:useSimulator: false, setWindowRect: true, strictFileInteractability: false, webdriver.remote.sessionid: f71fce6aa58edcf4057b79e6aa1..., webkit:WebRTC: {DisableICECandidateFiltering: false, DisableInsecureMediaCapture: false}}
Session ID: f71fce6aa58edcf4057b79e6aa19a037a3e6c86f
*** Element info: {Using=name, value=element}
	at jdk.internal.reflect.GeneratedConstructorAccessor16.newInstance(Unknown Source)
	at java.base/jdk.internal.reflect.DelegatingConstructorAccessorImpl.newInstance(DelegatingConstructorAccessorImpl.java:45)
	at java.base/java.lang.reflect.Constructor.newInstanceWithCaller(Constructor.java:499)
	at java.base/java.lang.reflect.Constructor.newInstance(Constructor.java:480)
	at org.openqa.selenium.remote.http.W3CHttpResponseCodec.createException(W3CHttpResponseCodec.java:187)
	at org.openqa.selenium.remote.http.W3CHttpResponseCodec.decode(W3CHttpResponseCodec.java:122)
	at org.openqa.selenium.remote.http.W3CHttpResponseCodec.decode(W3CHttpResponseCodec.java:49)
	at org.openqa.selenium.remote.HttpCommandExecutor.execute(HttpCommandExecutor.java:158)
	at org.openqa.selenium.remote.RemoteWebDriver.execute(RemoteWebDriver.java:552)
	at org.openqa.selenium.remote.RemoteWebDriver.findElement(RemoteWebDriver.java:323)
	at org.openqa.selenium.remote.RemoteWebDriver.findElementByName(RemoteWebDriver.java:404)
	at org.openqa.selenium.By$ByName.findElement(By.java:284)
	at org.openqa.selenium.support.ByIdOrName.findElement(ByIdOrName.java:50)
	at org.openqa.selenium.remote.RemoteWebDriver.findElement(RemoteWebDriver.java:315)
	at org.openqa.selenium.support.pagefactory.DefaultElementLocator.findElement(DefaultElementLocator.java:69)
	at org.openqa.selenium.support.pagefactory.AjaxElementLocator.access$001(AjaxElementLocator.java:39)
	at org.openqa.selenium.support.pagefactory.AjaxElementLocator$SlowLoadingElement.isLoaded(AjaxElementLocator.java:165)
	at org.openqa.selenium.support.ui.SlowLoadableComponent.get(SlowLoadableComponent.java:72)
	at org.openqa.selenium.support.pagefactory.AjaxElementLocator.findElement(AjaxElementLocator.java:95)
	... 26 more
2022-07-21 14:39:27,306 ERROR [Executor] Exception Occurred while executing the step:
 
java.lang.reflect.InvocationTargetException
	at java.base/jdk.internal.reflect.NativeMethodAccessorImpl.invoke0(Native Method)
	at java.base/jdk.internal.reflect.NativeMethodAccessorImpl.invoke(NativeMethodAccessorImpl.java:77)
	at java.base/jdk.internal.reflect.DelegatingMethodAccessorImpl.invoke(DelegatingMethodAccessorImpl.java:43)
	at java.base/java.lang.reflect.Method.invoke(Method.java:568)
	at com.ccs.masterConfig.Executor.executeAction(Executor.java:75)
	at com.ccs.masterConfig.Executor.executeTestCase(Executor.java:50)
	at com.ccs.runner.TestExecutor.testCasesExecutor(TestExecutor.java:46)
	at java.base/jdk.internal.reflect.NativeMethodAccessorImpl.invoke0(Native Method)
	at java.base/jdk.internal.reflect.NativeMethodAccessorImpl.invoke(NativeMethodAccessorImpl.java:77)
	at java.base/jdk.internal.reflect.DelegatingMethodAccessorImpl.invoke(DelegatingMethodAccessorImpl.java:43)
	at java.base/java.lang.reflect.Method.invoke(Method.java:568)
	at org.testng.internal.MethodInvocationHelper.invokeMethod(MethodInvocationHelper.java:124)
	at org.testng.internal.Invoker.invokeMethod(Invoker.java:583)
	at org.testng.internal.Invoker.invokeTestMethod(Invoker.java:719)
	at org.testng.internal.TestMethodWithDataProviderMethodWorker.call(TestMethodWithDataProviderMethodWorker.java:71)
	at org.testng.internal.TestMethodWithDataProviderMethodWorker.call(TestMethodWithDataProviderMethodWorker.java:14)
	at java.base/java.util.concurrent.FutureTask.run(FutureTask.java:264)
	at java.base/java.util.concurrent.Executors$RunnableAdapter.call(Executors.java:539)
	at java.base/java.util.concurrent.FutureTask.run(FutureTask.java:264)
	at java.base/java.util.concurrent.ThreadPoolExecutor.runWorker(ThreadPoolExecutor.java:1136)
	at java.base/java.util.concurrent.ThreadPoolExecutor$Worker.run(ThreadPoolExecutor.java:635)
	at java.base/java.lang.Thread.run(Thread.java:833)
Caused by: org.openqa.selenium.NoSuchElementException: Timed out after 10 seconds. Unable to locate the element
	at org.openqa.selenium.support.pagefactory.AjaxElementLocator.findElement(AjaxElementLocator.java:99)
	at org.openqa.selenium.support.pagefactory.internal.LocatingElementHandler.invoke(LocatingElementHandler.java:38)
	at jdk.proxy2/jdk.proxy2.$Proxy10.getText(Unknown Source)
	at com.ccs.masterPages.ManageElements.clickOnElement(ManageElements.java:46)
	at com.ccs.masterActions.ActionsClass.ClickOnElement(ActionsClass.java:39)
	... 22 more
Caused by: org.openqa.selenium.NoSuchElementException: 
For documentation on this error, please visit: https://www.seleniumhq.org/exceptions/no_such_element.html
Build info: version: '3.141.59', revision: 'e82be7d358', time: '2018-11-14T08:17:03'
System info: host: 'CO-CC03069', ip: '192.168.8.100', os.name: 'Mac OS X', os.arch: 'x86_64', os.version: '11.6.7', java.version: '17'
Driver info: org.openqa.selenium.remote.RemoteWebDriver
Capabilities {acceptInsecureCerts: false, browserName: Safari, browserVersion: 14.1.2, javascriptEnabled: true, platform: MAC, platformName: MAC, safari:automaticInspection: false, safari:automaticProfiling: false, safari:diagnose: false, safari:platformBuildVersion: 20G314, safari:platformVersion: 11.6.2, safari:useSimulator: false, setWindowRect: true, strictFileInteractability: false, webdriver.remote.sessionid: 8bf6ea84336c53ae2d05a2f2312..., webkit:WebRTC: {DisableICECandidateFiltering: false, DisableInsecureMediaCapture: false}}
Session ID: 8bf6ea84336c53ae2d05a2f231206a318ecf7a68
*** Element info: {Using=name, value=element}
	at jdk.internal.reflect.GeneratedConstructorAccessor16.newInstance(Unknown Source)
	at java.base/jdk.internal.reflect.DelegatingConstructorAccessorImpl.newInstance(DelegatingConstructorAccessorImpl.java:45)
	at java.base/java.lang.reflect.Constructor.newInstanceWithCaller(Constructor.java:499)
	at java.base/java.lang.reflect.Constructor.newInstance(Constructor.java:480)
	at org.openqa.selenium.remote.http.W3CHttpResponseCodec.createException(W3CHttpResponseCodec.java:187)
	at org.openqa.selenium.remote.http.W3CHttpResponseCodec.decode(W3CHttpResponseCodec.java:122)
	at org.openqa.selenium.remote.http.W3CHttpResponseCodec.decode(W3CHttpResponseCodec.java:49)
	at org.openqa.selenium.remote.HttpCommandExecutor.execute(HttpCommandExecutor.java:158)
	at org.openqa.selenium.remote.RemoteWebDriver.execute(RemoteWebDriver.java:552)
	at org.openqa.selenium.remote.RemoteWebDriver.findElement(RemoteWebDriver.java:323)
	at org.openqa.selenium.remote.RemoteWebDriver.findElementByName(RemoteWebDriver.java:404)
	at org.openqa.selenium.By$ByName.findElement(By.java:284)
	at org.openqa.selenium.support.ByIdOrName.findElement(ByIdOrName.java:50)
	at org.openqa.selenium.remote.RemoteWebDriver.findElement(RemoteWebDriver.java:315)
	at org.openqa.selenium.support.pagefactory.DefaultElementLocator.findElement(DefaultElementLocator.java:69)
	at org.openqa.selenium.support.pagefactory.AjaxElementLocator.access$001(AjaxElementLocator.java:39)
	at org.openqa.selenium.support.pagefactory.AjaxElementLocator$SlowLoadingElement.isLoaded(AjaxElementLocator.java:165)
	at org.openqa.selenium.support.ui.SlowLoadableComponent.get(SlowLoadableComponent.java:72)
	at org.openqa.selenium.support.pagefactory.AjaxElementLocator.findElement(AjaxElementLocator.java:95)
	... 26 more
2022-07-21 14:39:30,216 INFO  [TestBase] Closing all the browser. 
2022-07-21 14:39:32,596 INFO  [TestBase] Closing all the browser. 
2022-07-21 14:39:33,634 INFO  [TestBase] Closing all the browser. 
2022-07-21 14:39:34,263 INFO  [Log] **************************************************************************************** 
2022-07-21 14:39:34,263 INFO  [Log] **************************************************************************************** 
2022-07-21 14:39:34,263 INFO  [Log] 				TC001_SIGNIN FAIL 
2022-07-21 14:39:34,263 INFO  [Log] **************************************************************************************** 
2022-07-21 14:39:34,264 INFO  [Log] **************************************************************************************** 
2022-07-21 14:39:34,664 ERROR [Executor] Exception Occurred while executing the step:
 
java.lang.reflect.InvocationTargetException
	at java.base/jdk.internal.reflect.NativeMethodAccessorImpl.invoke0(Native Method)
	at java.base/jdk.internal.reflect.NativeMethodAccessorImpl.invoke(NativeMethodAccessorImpl.java:77)
	at java.base/jdk.internal.reflect.DelegatingMethodAccessorImpl.invoke(DelegatingMethodAccessorImpl.java:43)
	at java.base/java.lang.reflect.Method.invoke(Method.java:568)
	at com.ccs.masterConfig.Executor.executeAction(Executor.java:75)
	at com.ccs.masterConfig.Executor.executeTestCase(Executor.java:50)
	at com.ccs.runner.TestExecutor.testCasesExecutor(TestExecutor.java:46)
	at java.base/jdk.internal.reflect.NativeMethodAccessorImpl.invoke0(Native Method)
	at java.base/jdk.internal.reflect.NativeMethodAccessorImpl.invoke(NativeMethodAccessorImpl.java:77)
	at java.base/jdk.internal.reflect.DelegatingMethodAccessorImpl.invoke(DelegatingMethodAccessorImpl.java:43)
	at java.base/java.lang.reflect.Method.invoke(Method.java:568)
	at org.testng.internal.MethodInvocationHelper.invokeMethod(MethodInvocationHelper.java:124)
	at org.testng.internal.Invoker.invokeMethod(Invoker.java:583)
	at org.testng.internal.Invoker.invokeTestMethod(Invoker.java:719)
	at org.testng.internal.TestMethodWithDataProviderMethodWorker.call(TestMethodWithDataProviderMethodWorker.java:71)
	at org.testng.internal.TestMethodWithDataProviderMethodWorker.call(TestMethodWithDataProviderMethodWorker.java:14)
	at java.base/java.util.concurrent.FutureTask.run(FutureTask.java:264)
	at java.base/java.util.concurrent.Executors$RunnableAdapter.call(Executors.java:539)
	at java.base/java.util.concurrent.FutureTask.run(FutureTask.java:264)
	at java.base/java.util.concurrent.ThreadPoolExecutor.runWorker(ThreadPoolExecutor.java:1136)
	at java.base/java.util.concurrent.ThreadPoolExecutor$Worker.run(ThreadPoolExecutor.java:635)
	at java.base/java.lang.Thread.run(Thread.java:833)
Caused by: org.openqa.selenium.NoSuchElementException: Timed out after 10 seconds. Unable to locate the element
	at org.openqa.selenium.support.pagefactory.AjaxElementLocator.findElement(AjaxElementLocator.java:99)
	at org.openqa.selenium.support.pagefactory.internal.LocatingElementHandler.invoke(LocatingElementHandler.java:38)
	at jdk.proxy2/jdk.proxy2.$Proxy10.getText(Unknown Source)
	at com.ccs.masterPages.ManageElements.clickOnElement(ManageElements.java:46)
	at com.ccs.masterActions.ActionsClass.ClickOnElement(ActionsClass.java:39)
	... 22 more
Caused by: org.openqa.selenium.NoSuchElementException: Unable to locate element: *[name='element']
For documentation on this error, please visit: https://www.seleniumhq.org/exceptions/no_such_element.html
Build info: version: '3.141.59', revision: 'e82be7d358', time: '2018-11-14T08:17:03'
System info: host: 'CO-CC03069', ip: '192.168.8.100', os.name: 'Mac OS X', os.arch: 'x86_64', os.version: '11.6.7', java.version: '17'
Driver info: org.openqa.selenium.remote.RemoteWebDriver
Capabilities {acceptInsecureCerts: false, browserName: firefox, browserVersion: 102.0, javascriptEnabled: true, moz:accessibilityChecks: false, moz:buildID: 20220623063721, moz:geckodriverVersion: 0.31.0, moz:headless: false, moz:processID: 760, moz:profile: C:\Windows\proxy\rust_mozpr..., moz:shutdownTimeout: 60000, moz:useNonSpecCompliantPointerOrigin: false, moz:webdriverClick: true, moz:windowless: false, pageLoadStrategy: normal, platform: WINDOWS, platformName: WINDOWS, platformVersion: 10.0, proxy: Proxy(), setWindowRect: true, strictFileInteractability: false, timeouts: {implicit: 0, pageLoad: 300000, script: 30000}, unhandledPromptBehavior: dismiss and notify, webdriver.remote.sessionid: 929b7ef41e4a1ea12ebbac925c6...}
Session ID: 929b7ef41e4a1ea12ebbac925c6f30b8cd2668f2
*** Element info: {Using=name, value=element}
	at jdk.internal.reflect.GeneratedConstructorAccessor16.newInstance(Unknown Source)
	at java.base/jdk.internal.reflect.DelegatingConstructorAccessorImpl.newInstance(DelegatingConstructorAccessorImpl.java:45)
	at java.base/java.lang.reflect.Constructor.newInstanceWithCaller(Constructor.java:499)
	at java.base/java.lang.reflect.Constructor.newInstance(Constructor.java:480)
	at org.openqa.selenium.remote.http.W3CHttpResponseCodec.createException(W3CHttpResponseCodec.java:187)
	at org.openqa.selenium.remote.http.W3CHttpResponseCodec.decode(W3CHttpResponseCodec.java:122)
	at org.openqa.selenium.remote.http.W3CHttpResponseCodec.decode(W3CHttpResponseCodec.java:49)
	at org.openqa.selenium.remote.HttpCommandExecutor.execute(HttpCommandExecutor.java:158)
	at org.openqa.selenium.remote.RemoteWebDriver.execute(RemoteWebDriver.java:552)
	at org.openqa.selenium.remote.RemoteWebDriver.findElement(RemoteWebDriver.java:323)
	at org.openqa.selenium.remote.RemoteWebDriver.findElementByName(RemoteWebDriver.java:404)
	at org.openqa.selenium.By$ByName.findElement(By.java:284)
	at org.openqa.selenium.support.ByIdOrName.findElement(ByIdOrName.java:50)
	at org.openqa.selenium.remote.RemoteWebDriver.findElement(RemoteWebDriver.java:315)
	at org.openqa.selenium.support.pagefactory.DefaultElementLocator.findElement(DefaultElementLocator.java:69)
	at org.openqa.selenium.support.pagefactory.AjaxElementLocator.access$001(AjaxElementLocator.java:39)
	at org.openqa.selenium.support.pagefactory.AjaxElementLocator$SlowLoadingElement.isLoaded(AjaxElementLocator.java:165)
	at org.openqa.selenium.support.ui.SlowLoadableComponent.get(SlowLoadableComponent.java:72)
	at org.openqa.selenium.support.pagefactory.AjaxElementLocator.findElement(AjaxElementLocator.java:95)
	... 26 more
2022-07-21 14:39:34,910 ERROR [Executor] Exception Occurred while executing the step:
 
java.lang.reflect.InvocationTargetException
	at java.base/jdk.internal.reflect.NativeMethodAccessorImpl.invoke0(Native Method)
	at java.base/jdk.internal.reflect.NativeMethodAccessorImpl.invoke(NativeMethodAccessorImpl.java:77)
	at java.base/jdk.internal.reflect.DelegatingMethodAccessorImpl.invoke(DelegatingMethodAccessorImpl.java:43)
	at java.base/java.lang.reflect.Method.invoke(Method.java:568)
	at com.ccs.masterConfig.Executor.executeAction(Executor.java:75)
	at com.ccs.masterConfig.Executor.executeTestCase(Executor.java:50)
	at com.ccs.runner.TestExecutor.testCasesExecutor(TestExecutor.java:46)
	at java.base/jdk.internal.reflect.NativeMethodAccessorImpl.invoke0(Native Method)
	at java.base/jdk.internal.reflect.NativeMethodAccessorImpl.invoke(NativeMethodAccessorImpl.java:77)
	at java.base/jdk.internal.reflect.DelegatingMethodAccessorImpl.invoke(DelegatingMethodAccessorImpl.java:43)
	at java.base/java.lang.reflect.Method.invoke(Method.java:568)
	at org.testng.internal.MethodInvocationHelper.invokeMethod(MethodInvocationHelper.java:124)
	at org.testng.internal.Invoker.invokeMethod(Invoker.java:583)
	at org.testng.internal.Invoker.invokeTestMethod(Invoker.java:719)
	at org.testng.internal.TestMethodWithDataProviderMethodWorker.call(TestMethodWithDataProviderMethodWorker.java:71)
	at org.testng.internal.TestMethodWithDataProviderMethodWorker.call(TestMethodWithDataProviderMethodWorker.java:14)
	at java.base/java.util.concurrent.FutureTask.run(FutureTask.java:264)
	at java.base/java.util.concurrent.Executors$RunnableAdapter.call(Executors.java:539)
	at java.base/java.util.concurrent.FutureTask.run(FutureTask.java:264)
	at java.base/java.util.concurrent.ThreadPoolExecutor.runWorker(ThreadPoolExecutor.java:1136)
	at java.base/java.util.concurrent.ThreadPoolExecutor$Worker.run(ThreadPoolExecutor.java:635)
	at java.base/java.lang.Thread.run(Thread.java:833)
Caused by: org.openqa.selenium.NoSuchElementException: Timed out after 10 seconds. Unable to locate the element
	at org.openqa.selenium.support.pagefactory.AjaxElementLocator.findElement(AjaxElementLocator.java:99)
	at org.openqa.selenium.support.pagefactory.internal.LocatingElementHandler.invoke(LocatingElementHandler.java:38)
	at jdk.proxy2/jdk.proxy2.$Proxy10.getText(Unknown Source)
	at com.ccs.masterPages.ManageElements.clickOnElement(ManageElements.java:46)
	at com.ccs.masterActions.ActionsClass.ClickOnElement(ActionsClass.java:39)
	... 22 more
Caused by: org.openqa.selenium.NoSuchElementException: Unable to locate element: *[name='element']
For documentation on this error, please visit: https://www.seleniumhq.org/exceptions/no_such_element.html
Build info: version: '3.141.59', revision: 'e82be7d358', time: '2018-11-14T08:17:03'
System info: host: 'CO-CC03069', ip: '192.168.8.100', os.name: 'Mac OS X', os.arch: 'x86_64', os.version: '11.6.7', java.version: '17'
Driver info: org.openqa.selenium.remote.RemoteWebDriver
Capabilities {acceptInsecureCerts: false, browserName: firefox, browserVersion: 102.0, javascriptEnabled: true, moz:accessibilityChecks: false, moz:buildID: 20220623063721, moz:geckodriverVersion: 0.31.0, moz:headless: false, moz:processID: 5068, moz:profile: C:\Windows\proxy\rust_mozpr..., moz:shutdownTimeout: 60000, moz:useNonSpecCompliantPointerOrigin: false, moz:webdriverClick: true, moz:windowless: false, pageLoadStrategy: normal, platform: WINDOWS, platformName: WINDOWS, platformVersion: 10.0, proxy: Proxy(), setWindowRect: true, strictFileInteractability: false, timeouts: {implicit: 0, pageLoad: 300000, script: 30000}, unhandledPromptBehavior: dismiss and notify, webdriver.remote.sessionid: aaecb53aa0afef493a11a730f6a...}
Session ID: aaecb53aa0afef493a11a730f6a95cc3f60ed17c
*** Element info: {Using=name, value=element}
	at jdk.internal.reflect.GeneratedConstructorAccessor16.newInstance(Unknown Source)
	at java.base/jdk.internal.reflect.DelegatingConstructorAccessorImpl.newInstance(DelegatingConstructorAccessorImpl.java:45)
	at java.base/java.lang.reflect.Constructor.newInstanceWithCaller(Constructor.java:499)
	at java.base/java.lang.reflect.Constructor.newInstance(Constructor.java:480)
	at org.openqa.selenium.remote.http.W3CHttpResponseCodec.createException(W3CHttpResponseCodec.java:187)
	at org.openqa.selenium.remote.http.W3CHttpResponseCodec.decode(W3CHttpResponseCodec.java:122)
	at org.openqa.selenium.remote.http.W3CHttpResponseCodec.decode(W3CHttpResponseCodec.java:49)
	at org.openqa.selenium.remote.HttpCommandExecutor.execute(HttpCommandExecutor.java:158)
	at org.openqa.selenium.remote.RemoteWebDriver.execute(RemoteWebDriver.java:552)
	at org.openqa.selenium.remote.RemoteWebDriver.findElement(RemoteWebDriver.java:323)
	at org.openqa.selenium.remote.RemoteWebDriver.findElementByName(RemoteWebDriver.java:404)
	at org.openqa.selenium.By$ByName.findElement(By.java:284)
	at org.openqa.selenium.support.ByIdOrName.findElement(ByIdOrName.java:50)
	at org.openqa.selenium.remote.RemoteWebDriver.findElement(RemoteWebDriver.java:315)
	at org.openqa.selenium.support.pagefactory.DefaultElementLocator.findElement(DefaultElementLocator.java:69)
	at org.openqa.selenium.support.pagefactory.AjaxElementLocator.access$001(AjaxElementLocator.java:39)
	at org.openqa.selenium.support.pagefactory.AjaxElementLocator$SlowLoadingElement.isLoaded(AjaxElementLocator.java:165)
	at org.openqa.selenium.support.ui.SlowLoadableComponent.get(SlowLoadableComponent.java:72)
	at org.openqa.selenium.support.pagefactory.AjaxElementLocator.findElement(AjaxElementLocator.java:95)
	... 26 more
2022-07-21 14:39:36,449 INFO  [Log] **************************************************************************************** 
2022-07-21 14:39:36,449 INFO  [Log] **************************************************************************************** 
2022-07-21 14:39:36,450 INFO  [Log] 				TC002_SIGNUP FAIL 
2022-07-21 14:39:36,450 INFO  [Log] **************************************************************************************** 
2022-07-21 14:39:36,451 INFO  [Log] **************************************************************************************** 
2022-07-21 14:39:37,347 INFO  [TestBase] Closing all the browser. 
2022-07-21 14:39:37,375 INFO  [TestBase] Closing all the browser. 
2022-07-21 14:39:45,180 INFO  [Log] **************************************************************************************** 
2022-07-21 14:39:45,181 INFO  [Log] **************************************************************************************** 
2022-07-21 14:39:45,181 INFO  [Log] 				TC002_SIGNUP FAIL 
2022-07-21 14:39:45,182 INFO  [Log] **************************************************************************************** 
2022-07-21 14:39:45,182 INFO  [Log] **************************************************************************************** 
2022-07-21 14:39:48,532 INFO  [Log] **************************************************************************************** 
2022-07-21 14:39:48,533 INFO  [Log] **************************************************************************************** 
2022-07-21 14:39:48,533 INFO  [Log] 				TC002_SIGNUP FAIL 
2022-07-21 14:39:48,533 INFO  [Log] **************************************************************************************** 
2022-07-21 14:39:48,533 INFO  [Log] **************************************************************************************** 
2022-07-21 14:40:03,287 INFO  [Log] ********************************CCS Enterprise Test Automation*************************************** 
2022-07-21 14:40:03,288 INFO  [Log] **************************************************************************************** 
2022-07-21 14:40:03,288 INFO  [Log] 				TC001_SIGNIN START 
2022-07-21 14:40:03,288 INFO  [Log] **************************************************************************************** 
2022-07-21 14:40:03,288 INFO  [Log] **************************************************************************************** 
2022-07-21 14:40:03,289 INFO  [Executor] Keyword: ClickOnElement Value:  
2022-07-21 14:40:12,425 INFO  [Log] **************************************************************************************** 
2022-07-21 14:40:12,426 INFO  [Log] **************************************************************************************** 
2022-07-21 14:40:12,426 INFO  [Log] 				TC001_SIGNIN FAIL 
2022-07-21 14:40:12,426 INFO  [Log] **************************************************************************************** 
2022-07-21 14:40:12,426 INFO  [Log] **************************************************************************************** 
2022-07-21 14:40:15,086 ERROR [Executor] Exception Occurred while executing the step:
 
java.lang.reflect.InvocationTargetException
	at java.base/jdk.internal.reflect.NativeMethodAccessorImpl.invoke0(Native Method)
	at java.base/jdk.internal.reflect.NativeMethodAccessorImpl.invoke(NativeMethodAccessorImpl.java:77)
	at java.base/jdk.internal.reflect.DelegatingMethodAccessorImpl.invoke(DelegatingMethodAccessorImpl.java:43)
	at java.base/java.lang.reflect.Method.invoke(Method.java:568)
	at com.ccs.masterConfig.Executor.executeAction(Executor.java:75)
	at com.ccs.masterConfig.Executor.executeTestCase(Executor.java:50)
	at com.ccs.runner.TestExecutor.testCasesExecutor(TestExecutor.java:46)
	at java.base/jdk.internal.reflect.NativeMethodAccessorImpl.invoke0(Native Method)
	at java.base/jdk.internal.reflect.NativeMethodAccessorImpl.invoke(NativeMethodAccessorImpl.java:77)
	at java.base/jdk.internal.reflect.DelegatingMethodAccessorImpl.invoke(DelegatingMethodAccessorImpl.java:43)
	at java.base/java.lang.reflect.Method.invoke(Method.java:568)
	at org.testng.internal.MethodInvocationHelper.invokeMethod(MethodInvocationHelper.java:124)
	at org.testng.internal.Invoker.invokeMethod(Invoker.java:583)
	at org.testng.internal.Invoker.invokeTestMethod(Invoker.java:719)
	at org.testng.internal.TestMethodWithDataProviderMethodWorker.call(TestMethodWithDataProviderMethodWorker.java:71)
	at org.testng.internal.TestMethodWithDataProviderMethodWorker.call(TestMethodWithDataProviderMethodWorker.java:14)
	at java.base/java.util.concurrent.FutureTask.run(FutureTask.java:264)
	at java.base/java.util.concurrent.Executors$RunnableAdapter.call(Executors.java:539)
	at java.base/java.util.concurrent.FutureTask.run(FutureTask.java:264)
	at java.base/java.util.concurrent.ThreadPoolExecutor.runWorker(ThreadPoolExecutor.java:1136)
	at java.base/java.util.concurrent.ThreadPoolExecutor$Worker.run(ThreadPoolExecutor.java:635)
	at java.base/java.lang.Thread.run(Thread.java:833)
Caused by: org.openqa.selenium.NoSuchElementException: Timed out after 10 seconds. Unable to locate the element
	at org.openqa.selenium.support.pagefactory.AjaxElementLocator.findElement(AjaxElementLocator.java:99)
	at org.openqa.selenium.support.pagefactory.internal.LocatingElementHandler.invoke(LocatingElementHandler.java:38)
	at jdk.proxy2/jdk.proxy2.$Proxy10.getText(Unknown Source)
	at com.ccs.masterPages.ManageElements.clickOnElement(ManageElements.java:46)
	at com.ccs.masterActions.ActionsClass.ClickOnElement(ActionsClass.java:39)
	... 22 more
Caused by: org.openqa.selenium.NoSuchElementException: no such element: Unable to locate element: {"method":"css selector","selector":"*[name='element']"}
  (Session info: chrome=103.0.5060.114)
For documentation on this error, please visit: https://www.seleniumhq.org/exceptions/no_such_element.html
Build info: version: '3.141.59', revision: 'e82be7d358', time: '2018-11-14T08:17:03'
System info: host: 'CO-CC03069', ip: '192.168.8.100', os.name: 'Mac OS X', os.arch: 'x86_64', os.version: '11.6.7', java.version: '17'
Driver info: org.openqa.selenium.remote.RemoteWebDriver
Capabilities {acceptInsecureCerts: false, browserName: chrome, browserVersion: 103.0.5060.114, chrome: {chromedriverVersion: 103.0.5060.24 (e47b049c438c..., userDataDir: C:\Windows\proxy\scoped_dir...}, goog:chromeOptions: {debuggerAddress: localhost:4191}, javascriptEnabled: true, networkConnectionEnabled: false, pageLoadStrategy: normal, platform: WINDOWS, platformName: WINDOWS, proxy: Proxy(), setWindowRect: true, strictFileInteractability: false, timeouts: {implicit: 0, pageLoad: 300000, script: 30000}, unhandledPromptBehavior: dismiss and notify, webauthn:extension:credBlob: true, webauthn:extension:largeBlob: true, webauthn:virtualAuthenticators: true, webdriver.remote.sessionid: 28320b1162c250c5d763d3df14d...}
Session ID: 28320b1162c250c5d763d3df14dda07a8c5d1bee
*** Element info: {Using=name, value=element}
	at jdk.internal.reflect.GeneratedConstructorAccessor16.newInstance(Unknown Source)
	at java.base/jdk.internal.reflect.DelegatingConstructorAccessorImpl.newInstance(DelegatingConstructorAccessorImpl.java:45)
	at java.base/java.lang.reflect.Constructor.newInstanceWithCaller(Constructor.java:499)
	at java.base/java.lang.reflect.Constructor.newInstance(Constructor.java:480)
	at org.openqa.selenium.remote.http.W3CHttpResponseCodec.createException(W3CHttpResponseCodec.java:187)
	at org.openqa.selenium.remote.http.W3CHttpResponseCodec.decode(W3CHttpResponseCodec.java:122)
	at org.openqa.selenium.remote.http.W3CHttpResponseCodec.decode(W3CHttpResponseCodec.java:49)
	at org.openqa.selenium.remote.HttpCommandExecutor.execute(HttpCommandExecutor.java:158)
	at org.openqa.selenium.remote.RemoteWebDriver.execute(RemoteWebDriver.java:552)
	at org.openqa.selenium.remote.RemoteWebDriver.findElement(RemoteWebDriver.java:323)
	at org.openqa.selenium.remote.RemoteWebDriver.findElementByName(RemoteWebDriver.java:404)
	at org.openqa.selenium.By$ByName.findElement(By.java:284)
	at org.openqa.selenium.support.ByIdOrName.findElement(ByIdOrName.java:50)
	at org.openqa.selenium.remote.RemoteWebDriver.findElement(RemoteWebDriver.java:315)
	at org.openqa.selenium.support.pagefactory.DefaultElementLocator.findElement(DefaultElementLocator.java:69)
	at org.openqa.selenium.support.pagefactory.AjaxElementLocator.access$001(AjaxElementLocator.java:39)
	at org.openqa.selenium.support.pagefactory.AjaxElementLocator$SlowLoadingElement.isLoaded(AjaxElementLocator.java:165)
	at org.openqa.selenium.support.ui.SlowLoadableComponent.get(SlowLoadableComponent.java:72)
	at org.openqa.selenium.support.pagefactory.AjaxElementLocator.findElement(AjaxElementLocator.java:95)
	... 26 more
2022-07-21 14:40:21,451 INFO  [TestBase] Closing all the browser. 
2022-07-21 14:40:30,542 INFO  [Log] **************************************************************************************** 
2022-07-21 14:40:30,543 INFO  [Log] **************************************************************************************** 
2022-07-21 14:40:30,544 INFO  [Log] 				TC001_SIGNIN FAIL 
2022-07-21 14:40:30,544 INFO  [Log] **************************************************************************************** 
2022-07-21 14:40:30,545 INFO  [Log] **************************************************************************************** 
2022-07-21 14:43:29,663 INFO  [TestBase] Setting up Test data Excel sheet 
2022-07-21 14:43:29,668 INFO  [Directory] Clearing content in below folder: 
/Users/mibin.boban/Documents/Solutions/ccs-enterprise-automation-ui-project/screenshots/ 
2022-07-21 14:43:29,683 INFO  [Directory] Clearing content in below folder: 
/Users/mibin.boban/Documents/Solutions/ccs-enterprise-automation-ui-project/target/html-report/ 
2022-07-21 14:43:29,686 INFO  [Directory] Directory was created
/Users/mibin.boban/Documents/Solutions/ccs-enterprise-automation-ui-project/target/html-report/ 
2022-07-21 14:43:30,375 INFO  [TestBase] Obj repository:/Users/mibin.boban/Documents/Solutions/ccs-enterprise-automation-ui-project/src/test/resources/objectRepository/ 
2022-07-21 14:43:30,376 INFO  [TestBase] Obj repository:2 
2022-07-21 14:43:30,394 INFO  [Executor] Getting List of Test Cases to execute. 
2022-07-21 14:43:30,394 INFO  [Executor] Getting List of Test Cases to execute. 
2022-07-21 14:43:30,394 INFO  [Executor] Getting List of Test Cases to execute. 
2022-07-21 14:43:38,354 INFO  [Log] ********************************CCS Enterprise Test Automation*************************************** 
2022-07-21 14:43:38,354 INFO  [Log] **************************************************************************************** 
2022-07-21 14:43:38,354 INFO  [Log] 				TC002_LOGIN START 
2022-07-21 14:43:38,355 INFO  [Log] **************************************************************************************** 
2022-07-21 14:43:38,355 INFO  [Log] **************************************************************************************** 
2022-07-21 14:43:38,466 INFO  [Executor] Keyword: ClickOnElement Value:  
2022-07-21 14:43:38,762 INFO  [Log] ********************************CCS Enterprise Test Automation*************************************** 
2022-07-21 14:43:38,764 INFO  [Log] **************************************************************************************** 
2022-07-21 14:43:38,765 INFO  [Log] 				TC001_SIGNIN START 
2022-07-21 14:43:38,765 INFO  [Log] **************************************************************************************** 
2022-07-21 14:43:38,766 INFO  [Log] **************************************************************************************** 
2022-07-21 14:43:38,767 INFO  [Executor] Keyword: ClickOnElement Value:  
2022-07-21 14:43:39,122 INFO  [Log] ********************************CCS Enterprise Test Automation*************************************** 
2022-07-21 14:43:39,123 INFO  [Log] **************************************************************************************** 
2022-07-21 14:43:39,123 INFO  [Log] 				TC002_LOGIN START 
2022-07-21 14:43:39,123 INFO  [Log] **************************************************************************************** 
2022-07-21 14:43:39,123 INFO  [Log] **************************************************************************************** 
2022-07-21 14:43:39,125 INFO  [Executor] Keyword: ClickOnElement Value:  
2022-07-21 14:43:41,816 INFO  [Log] ********************************CCS Enterprise Test Automation*************************************** 
2022-07-21 14:43:41,817 INFO  [Log] **************************************************************************************** 
2022-07-21 14:43:41,818 INFO  [Log] 				TC002_LOGIN START 
2022-07-21 14:43:41,818 INFO  [Log] **************************************************************************************** 
2022-07-21 14:43:41,818 INFO  [Log] **************************************************************************************** 
2022-07-21 14:43:41,819 INFO  [Executor] Keyword: ClickOnElement Value:  
2022-07-21 14:43:43,921 INFO  [Log] ********************************CCS Enterprise Test Automation*************************************** 
2022-07-21 14:43:43,921 INFO  [Log] **************************************************************************************** 
2022-07-21 14:43:43,921 INFO  [Log] 				TC001_SIGNIN START 
2022-07-21 14:43:43,922 INFO  [Log] **************************************************************************************** 
2022-07-21 14:43:43,922 INFO  [Log] **************************************************************************************** 
2022-07-21 14:43:43,923 INFO  [Executor] Keyword: ClickOnElement Value:  
2022-07-21 14:43:48,990 ERROR [Executor] Exception Occurred while executing the step:
 
java.lang.reflect.InvocationTargetException
	at java.base/jdk.internal.reflect.NativeMethodAccessorImpl.invoke0(Native Method)
	at java.base/jdk.internal.reflect.NativeMethodAccessorImpl.invoke(NativeMethodAccessorImpl.java:77)
	at java.base/jdk.internal.reflect.DelegatingMethodAccessorImpl.invoke(DelegatingMethodAccessorImpl.java:43)
	at java.base/java.lang.reflect.Method.invoke(Method.java:568)
	at com.ccs.masterConfig.Executor.executeAction(Executor.java:75)
	at com.ccs.masterConfig.Executor.executeTestCase(Executor.java:50)
	at com.ccs.runner.TestExecutor.testCasesExecutor(TestExecutor.java:46)
	at java.base/jdk.internal.reflect.NativeMethodAccessorImpl.invoke0(Native Method)
	at java.base/jdk.internal.reflect.NativeMethodAccessorImpl.invoke(NativeMethodAccessorImpl.java:77)
	at java.base/jdk.internal.reflect.DelegatingMethodAccessorImpl.invoke(DelegatingMethodAccessorImpl.java:43)
	at java.base/java.lang.reflect.Method.invoke(Method.java:568)
	at org.testng.internal.MethodInvocationHelper.invokeMethod(MethodInvocationHelper.java:124)
	at org.testng.internal.Invoker.invokeMethod(Invoker.java:583)
	at org.testng.internal.Invoker.invokeTestMethod(Invoker.java:719)
	at org.testng.internal.TestMethodWithDataProviderMethodWorker.call(TestMethodWithDataProviderMethodWorker.java:71)
	at org.testng.internal.TestMethodWithDataProviderMethodWorker.call(TestMethodWithDataProviderMethodWorker.java:14)
	at java.base/java.util.concurrent.FutureTask.run(FutureTask.java:264)
	at java.base/java.util.concurrent.Executors$RunnableAdapter.call(Executors.java:539)
	at java.base/java.util.concurrent.FutureTask.run(FutureTask.java:264)
	at java.base/java.util.concurrent.ThreadPoolExecutor.runWorker(ThreadPoolExecutor.java:1136)
	at java.base/java.util.concurrent.ThreadPoolExecutor$Worker.run(ThreadPoolExecutor.java:635)
	at java.base/java.lang.Thread.run(Thread.java:833)
Caused by: org.openqa.selenium.NoSuchElementException: Timed out after 10 seconds. Unable to locate the element
	at org.openqa.selenium.support.pagefactory.AjaxElementLocator.findElement(AjaxElementLocator.java:99)
	at org.openqa.selenium.support.pagefactory.internal.LocatingElementHandler.invoke(LocatingElementHandler.java:38)
	at jdk.proxy2/jdk.proxy2.$Proxy10.getText(Unknown Source)
	at com.ccs.masterPages.ManageElements.clickOnElement(ManageElements.java:46)
	at com.ccs.masterActions.ActionsClass.ClickOnElement(ActionsClass.java:39)
	... 22 more
Caused by: org.openqa.selenium.NoSuchElementException: no such element: Unable to locate element: {"method":"css selector","selector":"*[name='element']"}
  (Session info: chrome=103.0.5060.114)
For documentation on this error, please visit: https://www.seleniumhq.org/exceptions/no_such_element.html
Build info: version: '3.141.59', revision: 'e82be7d358', time: '2018-11-14T08:17:03'
System info: host: 'CO-CC03069', ip: '192.168.8.100', os.name: 'Mac OS X', os.arch: 'x86_64', os.version: '11.6.7', java.version: '17'
Driver info: org.openqa.selenium.remote.RemoteWebDriver
Capabilities {acceptInsecureCerts: false, browserName: chrome, browserVersion: 103.0.5060.114, chrome: {chromedriverVersion: 103.0.5060.24 (e47b049c438c..., userDataDir: C:\Windows\proxy\scoped_dir...}, goog:chromeOptions: {debuggerAddress: localhost:4081}, javascriptEnabled: true, networkConnectionEnabled: false, pageLoadStrategy: normal, platform: WINDOWS, platformName: WINDOWS, proxy: Proxy(), setWindowRect: true, strictFileInteractability: false, timeouts: {implicit: 0, pageLoad: 300000, script: 30000}, unhandledPromptBehavior: dismiss and notify, webauthn:extension:credBlob: true, webauthn:extension:largeBlob: true, webauthn:virtualAuthenticators: true, webdriver.remote.sessionid: 44511e3416994044767317f2cb5...}
Session ID: 44511e3416994044767317f2cb5af262b7dae081
*** Element info: {Using=name, value=element}
	at jdk.internal.reflect.GeneratedConstructorAccessor16.newInstance(Unknown Source)
	at java.base/jdk.internal.reflect.DelegatingConstructorAccessorImpl.newInstance(DelegatingConstructorAccessorImpl.java:45)
	at java.base/java.lang.reflect.Constructor.newInstanceWithCaller(Constructor.java:499)
	at java.base/java.lang.reflect.Constructor.newInstance(Constructor.java:480)
	at org.openqa.selenium.remote.http.W3CHttpResponseCodec.createException(W3CHttpResponseCodec.java:187)
	at org.openqa.selenium.remote.http.W3CHttpResponseCodec.decode(W3CHttpResponseCodec.java:122)
	at org.openqa.selenium.remote.http.W3CHttpResponseCodec.decode(W3CHttpResponseCodec.java:49)
	at org.openqa.selenium.remote.HttpCommandExecutor.execute(HttpCommandExecutor.java:158)
	at org.openqa.selenium.remote.RemoteWebDriver.execute(RemoteWebDriver.java:552)
	at org.openqa.selenium.remote.RemoteWebDriver.findElement(RemoteWebDriver.java:323)
	at org.openqa.selenium.remote.RemoteWebDriver.findElementByName(RemoteWebDriver.java:404)
	at org.openqa.selenium.By$ByName.findElement(By.java:284)
	at org.openqa.selenium.support.ByIdOrName.findElement(ByIdOrName.java:50)
	at org.openqa.selenium.remote.RemoteWebDriver.findElement(RemoteWebDriver.java:315)
	at org.openqa.selenium.support.pagefactory.DefaultElementLocator.findElement(DefaultElementLocator.java:69)
	at org.openqa.selenium.support.pagefactory.AjaxElementLocator.access$001(AjaxElementLocator.java:39)
	at org.openqa.selenium.support.pagefactory.AjaxElementLocator$SlowLoadingElement.isLoaded(AjaxElementLocator.java:165)
	at org.openqa.selenium.support.ui.SlowLoadableComponent.get(SlowLoadableComponent.java:72)
	at org.openqa.selenium.support.pagefactory.AjaxElementLocator.findElement(AjaxElementLocator.java:95)
	... 26 more
2022-07-21 14:43:49,702 ERROR [Executor] Exception Occurred while executing the step:
 
java.lang.reflect.InvocationTargetException
	at java.base/jdk.internal.reflect.NativeMethodAccessorImpl.invoke0(Native Method)
	at java.base/jdk.internal.reflect.NativeMethodAccessorImpl.invoke(NativeMethodAccessorImpl.java:77)
	at java.base/jdk.internal.reflect.DelegatingMethodAccessorImpl.invoke(DelegatingMethodAccessorImpl.java:43)
	at java.base/java.lang.reflect.Method.invoke(Method.java:568)
	at com.ccs.masterConfig.Executor.executeAction(Executor.java:75)
	at com.ccs.masterConfig.Executor.executeTestCase(Executor.java:50)
	at com.ccs.runner.TestExecutor.testCasesExecutor(TestExecutor.java:46)
	at java.base/jdk.internal.reflect.NativeMethodAccessorImpl.invoke0(Native Method)
	at java.base/jdk.internal.reflect.NativeMethodAccessorImpl.invoke(NativeMethodAccessorImpl.java:77)
	at java.base/jdk.internal.reflect.DelegatingMethodAccessorImpl.invoke(DelegatingMethodAccessorImpl.java:43)
	at java.base/java.lang.reflect.Method.invoke(Method.java:568)
	at org.testng.internal.MethodInvocationHelper.invokeMethod(MethodInvocationHelper.java:124)
	at org.testng.internal.Invoker.invokeMethod(Invoker.java:583)
	at org.testng.internal.Invoker.invokeTestMethod(Invoker.java:719)
	at org.testng.internal.TestMethodWithDataProviderMethodWorker.call(TestMethodWithDataProviderMethodWorker.java:71)
	at org.testng.internal.TestMethodWithDataProviderMethodWorker.call(TestMethodWithDataProviderMethodWorker.java:14)
	at java.base/java.util.concurrent.FutureTask.run(FutureTask.java:264)
	at java.base/java.util.concurrent.Executors$RunnableAdapter.call(Executors.java:539)
	at java.base/java.util.concurrent.FutureTask.run(FutureTask.java:264)
	at java.base/java.util.concurrent.ThreadPoolExecutor.runWorker(ThreadPoolExecutor.java:1136)
	at java.base/java.util.concurrent.ThreadPoolExecutor$Worker.run(ThreadPoolExecutor.java:635)
	at java.base/java.lang.Thread.run(Thread.java:833)
Caused by: org.openqa.selenium.NoSuchElementException: Timed out after 10 seconds. Unable to locate the element
	at org.openqa.selenium.support.pagefactory.AjaxElementLocator.findElement(AjaxElementLocator.java:99)
	at org.openqa.selenium.support.pagefactory.internal.LocatingElementHandler.invoke(LocatingElementHandler.java:38)
	at jdk.proxy2/jdk.proxy2.$Proxy10.getText(Unknown Source)
	at com.ccs.masterPages.ManageElements.clickOnElement(ManageElements.java:46)
	at com.ccs.masterActions.ActionsClass.ClickOnElement(ActionsClass.java:39)
	... 22 more
Caused by: org.openqa.selenium.NoSuchElementException: 
For documentation on this error, please visit: https://www.seleniumhq.org/exceptions/no_such_element.html
Build info: version: '3.141.59', revision: 'e82be7d358', time: '2018-11-14T08:17:03'
System info: host: 'CO-CC03069', ip: '192.168.8.100', os.name: 'Mac OS X', os.arch: 'x86_64', os.version: '11.6.7', java.version: '17'
Driver info: org.openqa.selenium.remote.RemoteWebDriver
Capabilities {acceptInsecureCerts: false, browserName: Safari, browserVersion: 14.1.2, javascriptEnabled: true, platform: MAC, platformName: MAC, safari:automaticInspection: false, safari:automaticProfiling: false, safari:diagnose: false, safari:platformBuildVersion: 20G314, safari:platformVersion: 11.6.2, safari:useSimulator: false, setWindowRect: true, strictFileInteractability: false, webdriver.remote.sessionid: 42ccda6df5064fd442e0fdb11f6..., webkit:WebRTC: {DisableICECandidateFiltering: false, DisableInsecureMediaCapture: false}}
Session ID: 42ccda6df5064fd442e0fdb11f6bbfada29239f1
*** Element info: {Using=name, value=element}
	at jdk.internal.reflect.GeneratedConstructorAccessor16.newInstance(Unknown Source)
	at java.base/jdk.internal.reflect.DelegatingConstructorAccessorImpl.newInstance(DelegatingConstructorAccessorImpl.java:45)
	at java.base/java.lang.reflect.Constructor.newInstanceWithCaller(Constructor.java:499)
	at java.base/java.lang.reflect.Constructor.newInstance(Constructor.java:480)
	at org.openqa.selenium.remote.http.W3CHttpResponseCodec.createException(W3CHttpResponseCodec.java:187)
	at org.openqa.selenium.remote.http.W3CHttpResponseCodec.decode(W3CHttpResponseCodec.java:122)
	at org.openqa.selenium.remote.http.W3CHttpResponseCodec.decode(W3CHttpResponseCodec.java:49)
	at org.openqa.selenium.remote.HttpCommandExecutor.execute(HttpCommandExecutor.java:158)
	at org.openqa.selenium.remote.RemoteWebDriver.execute(RemoteWebDriver.java:552)
	at org.openqa.selenium.remote.RemoteWebDriver.findElement(RemoteWebDriver.java:323)
	at org.openqa.selenium.remote.RemoteWebDriver.findElementByName(RemoteWebDriver.java:404)
	at org.openqa.selenium.By$ByName.findElement(By.java:284)
	at org.openqa.selenium.support.ByIdOrName.findElement(ByIdOrName.java:50)
	at org.openqa.selenium.remote.RemoteWebDriver.findElement(RemoteWebDriver.java:315)
	at org.openqa.selenium.support.pagefactory.DefaultElementLocator.findElement(DefaultElementLocator.java:69)
	at org.openqa.selenium.support.pagefactory.AjaxElementLocator.access$001(AjaxElementLocator.java:39)
	at org.openqa.selenium.support.pagefactory.AjaxElementLocator$SlowLoadingElement.isLoaded(AjaxElementLocator.java:165)
	at org.openqa.selenium.support.ui.SlowLoadableComponent.get(SlowLoadableComponent.java:72)
	at org.openqa.selenium.support.pagefactory.AjaxElementLocator.findElement(AjaxElementLocator.java:95)
	... 26 more
2022-07-21 14:43:49,841 ERROR [Executor] Exception Occurred while executing the step:
 
java.lang.reflect.InvocationTargetException
	at java.base/jdk.internal.reflect.NativeMethodAccessorImpl.invoke0(Native Method)
	at java.base/jdk.internal.reflect.NativeMethodAccessorImpl.invoke(NativeMethodAccessorImpl.java:77)
	at java.base/jdk.internal.reflect.DelegatingMethodAccessorImpl.invoke(DelegatingMethodAccessorImpl.java:43)
	at java.base/java.lang.reflect.Method.invoke(Method.java:568)
	at com.ccs.masterConfig.Executor.executeAction(Executor.java:75)
	at com.ccs.masterConfig.Executor.executeTestCase(Executor.java:50)
	at com.ccs.runner.TestExecutor.testCasesExecutor(TestExecutor.java:46)
	at java.base/jdk.internal.reflect.NativeMethodAccessorImpl.invoke0(Native Method)
	at java.base/jdk.internal.reflect.NativeMethodAccessorImpl.invoke(NativeMethodAccessorImpl.java:77)
	at java.base/jdk.internal.reflect.DelegatingMethodAccessorImpl.invoke(DelegatingMethodAccessorImpl.java:43)
	at java.base/java.lang.reflect.Method.invoke(Method.java:568)
	at org.testng.internal.MethodInvocationHelper.invokeMethod(MethodInvocationHelper.java:124)
	at org.testng.internal.Invoker.invokeMethod(Invoker.java:583)
	at org.testng.internal.Invoker.invokeTestMethod(Invoker.java:719)
	at org.testng.internal.TestMethodWithDataProviderMethodWorker.call(TestMethodWithDataProviderMethodWorker.java:71)
	at org.testng.internal.TestMethodWithDataProviderMethodWorker.call(TestMethodWithDataProviderMethodWorker.java:14)
	at java.base/java.util.concurrent.FutureTask.run(FutureTask.java:264)
	at java.base/java.util.concurrent.Executors$RunnableAdapter.call(Executors.java:539)
	at java.base/java.util.concurrent.FutureTask.run(FutureTask.java:264)
	at java.base/java.util.concurrent.ThreadPoolExecutor.runWorker(ThreadPoolExecutor.java:1136)
	at java.base/java.util.concurrent.ThreadPoolExecutor$Worker.run(ThreadPoolExecutor.java:635)
	at java.base/java.lang.Thread.run(Thread.java:833)
Caused by: org.openqa.selenium.NoSuchElementException: Timed out after 10 seconds. Unable to locate the element
	at org.openqa.selenium.support.pagefactory.AjaxElementLocator.findElement(AjaxElementLocator.java:99)
	at org.openqa.selenium.support.pagefactory.internal.LocatingElementHandler.invoke(LocatingElementHandler.java:38)
	at jdk.proxy2/jdk.proxy2.$Proxy10.getText(Unknown Source)
	at com.ccs.masterPages.ManageElements.clickOnElement(ManageElements.java:46)
	at com.ccs.masterActions.ActionsClass.ClickOnElement(ActionsClass.java:39)
	... 22 more
Caused by: org.openqa.selenium.NoSuchElementException: 
For documentation on this error, please visit: https://www.seleniumhq.org/exceptions/no_such_element.html
Build info: version: '3.141.59', revision: 'e82be7d358', time: '2018-11-14T08:17:03'
System info: host: 'CO-CC03069', ip: '192.168.8.100', os.name: 'Mac OS X', os.arch: 'x86_64', os.version: '11.6.7', java.version: '17'
Driver info: org.openqa.selenium.remote.RemoteWebDriver
Capabilities {acceptInsecureCerts: false, browserName: Safari, browserVersion: 14.1.2, javascriptEnabled: true, platform: MAC, platformName: MAC, safari:automaticInspection: false, safari:automaticProfiling: false, safari:diagnose: false, safari:platformBuildVersion: 20G314, safari:platformVersion: 11.6.2, safari:useSimulator: false, setWindowRect: true, strictFileInteractability: false, webdriver.remote.sessionid: 7b91ea0427e61ea4cab4217316b..., webkit:WebRTC: {DisableICECandidateFiltering: false, DisableInsecureMediaCapture: false}}
Session ID: 7b91ea0427e61ea4cab4217316b5f55f77e0d83a
*** Element info: {Using=name, value=element}
	at jdk.internal.reflect.GeneratedConstructorAccessor16.newInstance(Unknown Source)
	at java.base/jdk.internal.reflect.DelegatingConstructorAccessorImpl.newInstance(DelegatingConstructorAccessorImpl.java:45)
	at java.base/java.lang.reflect.Constructor.newInstanceWithCaller(Constructor.java:499)
	at java.base/java.lang.reflect.Constructor.newInstance(Constructor.java:480)
	at org.openqa.selenium.remote.http.W3CHttpResponseCodec.createException(W3CHttpResponseCodec.java:187)
	at org.openqa.selenium.remote.http.W3CHttpResponseCodec.decode(W3CHttpResponseCodec.java:122)
	at org.openqa.selenium.remote.http.W3CHttpResponseCodec.decode(W3CHttpResponseCodec.java:49)
	at org.openqa.selenium.remote.HttpCommandExecutor.execute(HttpCommandExecutor.java:158)
	at org.openqa.selenium.remote.RemoteWebDriver.execute(RemoteWebDriver.java:552)
	at org.openqa.selenium.remote.RemoteWebDriver.findElement(RemoteWebDriver.java:323)
	at org.openqa.selenium.remote.RemoteWebDriver.findElementByName(RemoteWebDriver.java:404)
	at org.openqa.selenium.By$ByName.findElement(By.java:284)
	at org.openqa.selenium.support.ByIdOrName.findElement(ByIdOrName.java:50)
	at org.openqa.selenium.remote.RemoteWebDriver.findElement(RemoteWebDriver.java:315)
	at org.openqa.selenium.support.pagefactory.DefaultElementLocator.findElement(DefaultElementLocator.java:69)
	at org.openqa.selenium.support.pagefactory.AjaxElementLocator.access$001(AjaxElementLocator.java:39)
	at org.openqa.selenium.support.pagefactory.AjaxElementLocator$SlowLoadingElement.isLoaded(AjaxElementLocator.java:165)
	at org.openqa.selenium.support.ui.SlowLoadableComponent.get(SlowLoadableComponent.java:72)
	at org.openqa.selenium.support.pagefactory.AjaxElementLocator.findElement(AjaxElementLocator.java:95)
	... 26 more
2022-07-21 14:43:52,504 INFO  [TestBase] Closing all the browser. 
2022-07-21 14:43:53,156 ERROR [Executor] Exception Occurred while executing the step:
 
java.lang.reflect.InvocationTargetException
	at java.base/jdk.internal.reflect.NativeMethodAccessorImpl.invoke0(Native Method)
	at java.base/jdk.internal.reflect.NativeMethodAccessorImpl.invoke(NativeMethodAccessorImpl.java:77)
	at java.base/jdk.internal.reflect.DelegatingMethodAccessorImpl.invoke(DelegatingMethodAccessorImpl.java:43)
	at java.base/java.lang.reflect.Method.invoke(Method.java:568)
	at com.ccs.masterConfig.Executor.executeAction(Executor.java:75)
	at com.ccs.masterConfig.Executor.executeTestCase(Executor.java:50)
	at com.ccs.runner.TestExecutor.testCasesExecutor(TestExecutor.java:46)
	at java.base/jdk.internal.reflect.NativeMethodAccessorImpl.invoke0(Native Method)
	at java.base/jdk.internal.reflect.NativeMethodAccessorImpl.invoke(NativeMethodAccessorImpl.java:77)
	at java.base/jdk.internal.reflect.DelegatingMethodAccessorImpl.invoke(DelegatingMethodAccessorImpl.java:43)
	at java.base/java.lang.reflect.Method.invoke(Method.java:568)
	at org.testng.internal.MethodInvocationHelper.invokeMethod(MethodInvocationHelper.java:124)
	at org.testng.internal.Invoker.invokeMethod(Invoker.java:583)
	at org.testng.internal.Invoker.invokeTestMethod(Invoker.java:719)
	at org.testng.internal.TestMethodWithDataProviderMethodWorker.call(TestMethodWithDataProviderMethodWorker.java:71)
	at org.testng.internal.TestMethodWithDataProviderMethodWorker.call(TestMethodWithDataProviderMethodWorker.java:14)
	at java.base/java.util.concurrent.FutureTask.run(FutureTask.java:264)
	at java.base/java.util.concurrent.Executors$RunnableAdapter.call(Executors.java:539)
	at java.base/java.util.concurrent.FutureTask.run(FutureTask.java:264)
	at java.base/java.util.concurrent.ThreadPoolExecutor.runWorker(ThreadPoolExecutor.java:1136)
	at java.base/java.util.concurrent.ThreadPoolExecutor$Worker.run(ThreadPoolExecutor.java:635)
	at java.base/java.lang.Thread.run(Thread.java:833)
Caused by: org.openqa.selenium.NoSuchElementException: Timed out after 10 seconds. Unable to locate the element
	at org.openqa.selenium.support.pagefactory.AjaxElementLocator.findElement(AjaxElementLocator.java:99)
	at org.openqa.selenium.support.pagefactory.internal.LocatingElementHandler.invoke(LocatingElementHandler.java:38)
	at jdk.proxy2/jdk.proxy2.$Proxy10.getText(Unknown Source)
	at com.ccs.masterPages.ManageElements.clickOnElement(ManageElements.java:46)
	at com.ccs.masterActions.ActionsClass.ClickOnElement(ActionsClass.java:39)
	... 22 more
Caused by: org.openqa.selenium.NoSuchElementException: Unable to locate element: *[name='element']
For documentation on this error, please visit: https://www.seleniumhq.org/exceptions/no_such_element.html
Build info: version: '3.141.59', revision: 'e82be7d358', time: '2018-11-14T08:17:03'
System info: host: 'CO-CC03069', ip: '192.168.8.100', os.name: 'Mac OS X', os.arch: 'x86_64', os.version: '11.6.7', java.version: '17'
Driver info: org.openqa.selenium.remote.RemoteWebDriver
Capabilities {acceptInsecureCerts: false, browserName: firefox, browserVersion: 102.0, javascriptEnabled: true, moz:accessibilityChecks: false, moz:buildID: 20220623063721, moz:geckodriverVersion: 0.31.0, moz:headless: false, moz:processID: 1232, moz:profile: C:\Windows\proxy\rust_mozpr..., moz:shutdownTimeout: 60000, moz:useNonSpecCompliantPointerOrigin: false, moz:webdriverClick: true, moz:windowless: false, pageLoadStrategy: normal, platform: WINDOWS, platformName: WINDOWS, platformVersion: 10.0, proxy: Proxy(), setWindowRect: true, strictFileInteractability: false, timeouts: {implicit: 0, pageLoad: 300000, script: 30000}, unhandledPromptBehavior: dismiss and notify, webdriver.remote.sessionid: 73c9a7db39483e9b2940c71fed5...}
Session ID: 73c9a7db39483e9b2940c71fed5f3c05565396a4
*** Element info: {Using=name, value=element}
	at jdk.internal.reflect.GeneratedConstructorAccessor16.newInstance(Unknown Source)
	at java.base/jdk.internal.reflect.DelegatingConstructorAccessorImpl.newInstance(DelegatingConstructorAccessorImpl.java:45)
	at java.base/java.lang.reflect.Constructor.newInstanceWithCaller(Constructor.java:499)
	at java.base/java.lang.reflect.Constructor.newInstance(Constructor.java:480)
	at org.openqa.selenium.remote.http.W3CHttpResponseCodec.createException(W3CHttpResponseCodec.java:187)
	at org.openqa.selenium.remote.http.W3CHttpResponseCodec.decode(W3CHttpResponseCodec.java:122)
	at org.openqa.selenium.remote.http.W3CHttpResponseCodec.decode(W3CHttpResponseCodec.java:49)
	at org.openqa.selenium.remote.HttpCommandExecutor.execute(HttpCommandExecutor.java:158)
	at org.openqa.selenium.remote.RemoteWebDriver.execute(RemoteWebDriver.java:552)
	at org.openqa.selenium.remote.RemoteWebDriver.findElement(RemoteWebDriver.java:323)
	at org.openqa.selenium.remote.RemoteWebDriver.findElementByName(RemoteWebDriver.java:404)
	at org.openqa.selenium.By$ByName.findElement(By.java:284)
	at org.openqa.selenium.support.ByIdOrName.findElement(ByIdOrName.java:50)
	at org.openqa.selenium.remote.RemoteWebDriver.findElement(RemoteWebDriver.java:315)
	at org.openqa.selenium.support.pagefactory.DefaultElementLocator.findElement(DefaultElementLocator.java:69)
	at org.openqa.selenium.support.pagefactory.AjaxElementLocator.access$001(AjaxElementLocator.java:39)
	at org.openqa.selenium.support.pagefactory.AjaxElementLocator$SlowLoadingElement.isLoaded(AjaxElementLocator.java:165)
	at org.openqa.selenium.support.ui.SlowLoadableComponent.get(SlowLoadableComponent.java:72)
	at org.openqa.selenium.support.pagefactory.AjaxElementLocator.findElement(AjaxElementLocator.java:95)
	... 26 more
2022-07-21 14:43:54,150 INFO  [Log] **************************************************************************************** 
2022-07-21 14:43:54,151 INFO  [Log] **************************************************************************************** 
2022-07-21 14:43:54,151 INFO  [Log] 				TC002_LOGIN FAIL 
2022-07-21 14:43:54,151 INFO  [Log] **************************************************************************************** 
2022-07-21 14:43:54,151 INFO  [Log] **************************************************************************************** 
2022-07-21 14:43:54,703 INFO  [TestBase] Closing all the browser. 
2022-07-21 14:43:55,019 INFO  [TestBase] Closing all the browser. 
2022-07-21 14:43:55,084 ERROR [Executor] Exception Occurred while executing the step:
 
java.lang.reflect.InvocationTargetException
	at java.base/jdk.internal.reflect.NativeMethodAccessorImpl.invoke0(Native Method)
	at java.base/jdk.internal.reflect.NativeMethodAccessorImpl.invoke(NativeMethodAccessorImpl.java:77)
	at java.base/jdk.internal.reflect.DelegatingMethodAccessorImpl.invoke(DelegatingMethodAccessorImpl.java:43)
	at java.base/java.lang.reflect.Method.invoke(Method.java:568)
	at com.ccs.masterConfig.Executor.executeAction(Executor.java:75)
	at com.ccs.masterConfig.Executor.executeTestCase(Executor.java:50)
	at com.ccs.runner.TestExecutor.testCasesExecutor(TestExecutor.java:46)
	at java.base/jdk.internal.reflect.NativeMethodAccessorImpl.invoke0(Native Method)
	at java.base/jdk.internal.reflect.NativeMethodAccessorImpl.invoke(NativeMethodAccessorImpl.java:77)
	at java.base/jdk.internal.reflect.DelegatingMethodAccessorImpl.invoke(DelegatingMethodAccessorImpl.java:43)
	at java.base/java.lang.reflect.Method.invoke(Method.java:568)
	at org.testng.internal.MethodInvocationHelper.invokeMethod(MethodInvocationHelper.java:124)
	at org.testng.internal.Invoker.invokeMethod(Invoker.java:583)
	at org.testng.internal.Invoker.invokeTestMethod(Invoker.java:719)
	at org.testng.internal.TestMethodWithDataProviderMethodWorker.call(TestMethodWithDataProviderMethodWorker.java:71)
	at org.testng.internal.TestMethodWithDataProviderMethodWorker.call(TestMethodWithDataProviderMethodWorker.java:14)
	at java.base/java.util.concurrent.FutureTask.run(FutureTask.java:264)
	at java.base/java.util.concurrent.Executors$RunnableAdapter.call(Executors.java:539)
	at java.base/java.util.concurrent.FutureTask.run(FutureTask.java:264)
	at java.base/java.util.concurrent.ThreadPoolExecutor.runWorker(ThreadPoolExecutor.java:1136)
	at java.base/java.util.concurrent.ThreadPoolExecutor$Worker.run(ThreadPoolExecutor.java:635)
	at java.base/java.lang.Thread.run(Thread.java:833)
Caused by: org.openqa.selenium.NoSuchElementException: Timed out after 10 seconds. Unable to locate the element
	at org.openqa.selenium.support.pagefactory.AjaxElementLocator.findElement(AjaxElementLocator.java:99)
	at org.openqa.selenium.support.pagefactory.internal.LocatingElementHandler.invoke(LocatingElementHandler.java:38)
	at jdk.proxy2/jdk.proxy2.$Proxy10.getText(Unknown Source)
	at com.ccs.masterPages.ManageElements.clickOnElement(ManageElements.java:46)
	at com.ccs.masterActions.ActionsClass.ClickOnElement(ActionsClass.java:39)
	... 22 more
Caused by: org.openqa.selenium.NoSuchElementException: Unable to locate element: *[name='element']
For documentation on this error, please visit: https://www.seleniumhq.org/exceptions/no_such_element.html
Build info: version: '3.141.59', revision: 'e82be7d358', time: '2018-11-14T08:17:03'
System info: host: 'CO-CC03069', ip: '192.168.8.100', os.name: 'Mac OS X', os.arch: 'x86_64', os.version: '11.6.7', java.version: '17'
Driver info: org.openqa.selenium.remote.RemoteWebDriver
Capabilities {acceptInsecureCerts: false, browserName: firefox, browserVersion: 102.0, javascriptEnabled: true, moz:accessibilityChecks: false, moz:buildID: 20220623063721, moz:geckodriverVersion: 0.31.0, moz:headless: false, moz:processID: 11764, moz:profile: C:\Windows\proxy\rust_mozpr..., moz:shutdownTimeout: 60000, moz:useNonSpecCompliantPointerOrigin: false, moz:webdriverClick: true, moz:windowless: false, pageLoadStrategy: normal, platform: WINDOWS, platformName: WINDOWS, platformVersion: 10.0, proxy: Proxy(), setWindowRect: true, strictFileInteractability: false, timeouts: {implicit: 0, pageLoad: 300000, script: 30000}, unhandledPromptBehavior: dismiss and notify, webdriver.remote.sessionid: d65583bea610888e2622d50b7a7...}
Session ID: d65583bea610888e2622d50b7a7c1eb9a5648153
*** Element info: {Using=name, value=element}
	at jdk.internal.reflect.GeneratedConstructorAccessor16.newInstance(Unknown Source)
	at java.base/jdk.internal.reflect.DelegatingConstructorAccessorImpl.newInstance(DelegatingConstructorAccessorImpl.java:45)
	at java.base/java.lang.reflect.Constructor.newInstanceWithCaller(Constructor.java:499)
	at java.base/java.lang.reflect.Constructor.newInstance(Constructor.java:480)
	at org.openqa.selenium.remote.http.W3CHttpResponseCodec.createException(W3CHttpResponseCodec.java:187)
	at org.openqa.selenium.remote.http.W3CHttpResponseCodec.decode(W3CHttpResponseCodec.java:122)
	at org.openqa.selenium.remote.http.W3CHttpResponseCodec.decode(W3CHttpResponseCodec.java:49)
	at org.openqa.selenium.remote.HttpCommandExecutor.execute(HttpCommandExecutor.java:158)
	at org.openqa.selenium.remote.RemoteWebDriver.execute(RemoteWebDriver.java:552)
	at org.openqa.selenium.remote.RemoteWebDriver.findElement(RemoteWebDriver.java:323)
	at org.openqa.selenium.remote.RemoteWebDriver.findElementByName(RemoteWebDriver.java:404)
	at org.openqa.selenium.By$ByName.findElement(By.java:284)
	at org.openqa.selenium.support.ByIdOrName.findElement(ByIdOrName.java:50)
	at org.openqa.selenium.remote.RemoteWebDriver.findElement(RemoteWebDriver.java:315)
	at org.openqa.selenium.support.pagefactory.DefaultElementLocator.findElement(DefaultElementLocator.java:69)
	at org.openqa.selenium.support.pagefactory.AjaxElementLocator.access$001(AjaxElementLocator.java:39)
	at org.openqa.selenium.support.pagefactory.AjaxElementLocator$SlowLoadingElement.isLoaded(AjaxElementLocator.java:165)
	at org.openqa.selenium.support.ui.SlowLoadableComponent.get(SlowLoadableComponent.java:72)
	at org.openqa.selenium.support.pagefactory.AjaxElementLocator.findElement(AjaxElementLocator.java:95)
	... 26 more
2022-07-21 14:43:56,433 INFO  [Log] **************************************************************************************** 
2022-07-21 14:43:56,434 INFO  [Log] **************************************************************************************** 
2022-07-21 14:43:56,434 INFO  [Log] 				TC002_LOGIN FAIL 
2022-07-21 14:43:56,434 INFO  [Log] **************************************************************************************** 
2022-07-21 14:43:56,434 INFO  [Log] **************************************************************************************** 
2022-07-21 14:43:56,529 INFO  [Log] **************************************************************************************** 
2022-07-21 14:43:56,529 INFO  [Log] **************************************************************************************** 
2022-07-21 14:43:56,529 INFO  [Log] 				TC002_LOGIN FAIL 
2022-07-21 14:43:56,530 INFO  [Log] **************************************************************************************** 
2022-07-21 14:43:56,530 INFO  [Log] **************************************************************************************** 
2022-07-21 14:43:58,206 INFO  [TestBase] Closing all the browser. 
2022-07-21 14:43:59,591 INFO  [TestBase] Closing all the browser. 
2022-07-21 14:43:59,750 INFO  [Log] **************************************************************************************** 
2022-07-21 14:43:59,750 INFO  [Log] **************************************************************************************** 
2022-07-21 14:43:59,750 INFO  [Log] 				TC001_SIGNIN FAIL 
2022-07-21 14:43:59,750 INFO  [Log] **************************************************************************************** 
2022-07-21 14:43:59,751 INFO  [Log] **************************************************************************************** 
2022-07-21 14:44:00,892 INFO  [Log] **************************************************************************************** 
2022-07-21 14:44:00,893 INFO  [Log] **************************************************************************************** 
2022-07-21 14:44:00,893 INFO  [Log] 				TC001_SIGNIN FAIL 
2022-07-21 14:44:00,893 INFO  [Log] **************************************************************************************** 
2022-07-21 14:44:00,894 INFO  [Log] **************************************************************************************** 
2022-07-21 14:44:03,429 INFO  [Log] ********************************CCS Enterprise Test Automation*************************************** 
2022-07-21 14:44:03,430 INFO  [Log] **************************************************************************************** 
2022-07-21 14:44:03,430 INFO  [Log] 				TC001_SIGNIN START 
2022-07-21 14:44:03,430 INFO  [Log] **************************************************************************************** 
2022-07-21 14:44:03,430 INFO  [Log] **************************************************************************************** 
2022-07-21 14:44:03,431 INFO  [Executor] Keyword: ClickOnElement Value:  
2022-07-21 14:44:14,113 ERROR [Executor] Exception Occurred while executing the step:
 
java.lang.reflect.InvocationTargetException
	at java.base/jdk.internal.reflect.NativeMethodAccessorImpl.invoke0(Native Method)
	at java.base/jdk.internal.reflect.NativeMethodAccessorImpl.invoke(NativeMethodAccessorImpl.java:77)
	at java.base/jdk.internal.reflect.DelegatingMethodAccessorImpl.invoke(DelegatingMethodAccessorImpl.java:43)
	at java.base/java.lang.reflect.Method.invoke(Method.java:568)
	at com.ccs.masterConfig.Executor.executeAction(Executor.java:75)
	at com.ccs.masterConfig.Executor.executeTestCase(Executor.java:50)
	at com.ccs.runner.TestExecutor.testCasesExecutor(TestExecutor.java:46)
	at java.base/jdk.internal.reflect.NativeMethodAccessorImpl.invoke0(Native Method)
	at java.base/jdk.internal.reflect.NativeMethodAccessorImpl.invoke(NativeMethodAccessorImpl.java:77)
	at java.base/jdk.internal.reflect.DelegatingMethodAccessorImpl.invoke(DelegatingMethodAccessorImpl.java:43)
	at java.base/java.lang.reflect.Method.invoke(Method.java:568)
	at org.testng.internal.MethodInvocationHelper.invokeMethod(MethodInvocationHelper.java:124)
	at org.testng.internal.Invoker.invokeMethod(Invoker.java:583)
	at org.testng.internal.Invoker.invokeTestMethod(Invoker.java:719)
	at org.testng.internal.TestMethodWithDataProviderMethodWorker.call(TestMethodWithDataProviderMethodWorker.java:71)
	at org.testng.internal.TestMethodWithDataProviderMethodWorker.call(TestMethodWithDataProviderMethodWorker.java:14)
	at java.base/java.util.concurrent.FutureTask.run(FutureTask.java:264)
	at java.base/java.util.concurrent.Executors$RunnableAdapter.call(Executors.java:539)
	at java.base/java.util.concurrent.FutureTask.run(FutureTask.java:264)
	at java.base/java.util.concurrent.ThreadPoolExecutor.runWorker(ThreadPoolExecutor.java:1136)
	at java.base/java.util.concurrent.ThreadPoolExecutor$Worker.run(ThreadPoolExecutor.java:635)
	at java.base/java.lang.Thread.run(Thread.java:833)
Caused by: org.openqa.selenium.NoSuchElementException: Timed out after 10 seconds. Unable to locate the element
	at org.openqa.selenium.support.pagefactory.AjaxElementLocator.findElement(AjaxElementLocator.java:99)
	at org.openqa.selenium.support.pagefactory.internal.LocatingElementHandler.invoke(LocatingElementHandler.java:38)
	at jdk.proxy2/jdk.proxy2.$Proxy10.getText(Unknown Source)
	at com.ccs.masterPages.ManageElements.clickOnElement(ManageElements.java:46)
	at com.ccs.masterActions.ActionsClass.ClickOnElement(ActionsClass.java:39)
	... 22 more
Caused by: org.openqa.selenium.NoSuchElementException: no such element: Unable to locate element: {"method":"css selector","selector":"*[name='element']"}
  (Session info: chrome=103.0.5060.114)
For documentation on this error, please visit: https://www.seleniumhq.org/exceptions/no_such_element.html
Build info: version: '3.141.59', revision: 'e82be7d358', time: '2018-11-14T08:17:03'
System info: host: 'CO-CC03069', ip: '192.168.8.100', os.name: 'Mac OS X', os.arch: 'x86_64', os.version: '11.6.7', java.version: '17'
Driver info: org.openqa.selenium.remote.RemoteWebDriver
Capabilities {acceptInsecureCerts: false, browserName: chrome, browserVersion: 103.0.5060.114, chrome: {chromedriverVersion: 103.0.5060.24 (e47b049c438c..., userDataDir: C:\Windows\proxy\scoped_dir...}, goog:chromeOptions: {debuggerAddress: localhost:7562}, javascriptEnabled: true, networkConnectionEnabled: false, pageLoadStrategy: normal, platform: WINDOWS, platformName: WINDOWS, proxy: Proxy(), setWindowRect: true, strictFileInteractability: false, timeouts: {implicit: 0, pageLoad: 300000, script: 30000}, unhandledPromptBehavior: dismiss and notify, webauthn:extension:credBlob: true, webauthn:extension:largeBlob: true, webauthn:virtualAuthenticators: true, webdriver.remote.sessionid: 62e7cca14d420d87938a0da8786...}
Session ID: 62e7cca14d420d87938a0da8786bd5b832e2378d
*** Element info: {Using=name, value=element}
	at jdk.internal.reflect.GeneratedConstructorAccessor16.newInstance(Unknown Source)
	at java.base/jdk.internal.reflect.DelegatingConstructorAccessorImpl.newInstance(DelegatingConstructorAccessorImpl.java:45)
	at java.base/java.lang.reflect.Constructor.newInstanceWithCaller(Constructor.java:499)
	at java.base/java.lang.reflect.Constructor.newInstance(Constructor.java:480)
	at org.openqa.selenium.remote.http.W3CHttpResponseCodec.createException(W3CHttpResponseCodec.java:187)
	at org.openqa.selenium.remote.http.W3CHttpResponseCodec.decode(W3CHttpResponseCodec.java:122)
	at org.openqa.selenium.remote.http.W3CHttpResponseCodec.decode(W3CHttpResponseCodec.java:49)
	at org.openqa.selenium.remote.HttpCommandExecutor.execute(HttpCommandExecutor.java:158)
	at org.openqa.selenium.remote.RemoteWebDriver.execute(RemoteWebDriver.java:552)
	at org.openqa.selenium.remote.RemoteWebDriver.findElement(RemoteWebDriver.java:323)
	at org.openqa.selenium.remote.RemoteWebDriver.findElementByName(RemoteWebDriver.java:404)
	at org.openqa.selenium.By$ByName.findElement(By.java:284)
	at org.openqa.selenium.support.ByIdOrName.findElement(ByIdOrName.java:50)
	at org.openqa.selenium.remote.RemoteWebDriver.findElement(RemoteWebDriver.java:315)
	at org.openqa.selenium.support.pagefactory.DefaultElementLocator.findElement(DefaultElementLocator.java:69)
	at org.openqa.selenium.support.pagefactory.AjaxElementLocator.access$001(AjaxElementLocator.java:39)
	at org.openqa.selenium.support.pagefactory.AjaxElementLocator$SlowLoadingElement.isLoaded(AjaxElementLocator.java:165)
	at org.openqa.selenium.support.ui.SlowLoadableComponent.get(SlowLoadableComponent.java:72)
	at org.openqa.selenium.support.pagefactory.AjaxElementLocator.findElement(AjaxElementLocator.java:95)
	... 26 more
2022-07-21 14:44:16,483 INFO  [TestBase] Closing all the browser. 
2022-07-21 14:44:17,876 INFO  [Log] **************************************************************************************** 
2022-07-21 14:44:17,877 INFO  [Log] **************************************************************************************** 
2022-07-21 14:44:17,877 INFO  [Log] 				TC001_SIGNIN FAIL 
2022-07-21 14:44:17,877 INFO  [Log] **************************************************************************************** 
2022-07-21 14:44:17,877 INFO  [Log] **************************************************************************************** 
2022-07-21 14:47:13,032 INFO  [TestBase] Setting up Test data Excel sheet 
2022-07-21 14:47:13,036 INFO  [Directory] Clearing content in below folder: 
/Users/mibin.boban/Documents/Solutions/ccs-enterprise-automation-ui-project/screenshots/ 
2022-07-21 14:47:13,050 INFO  [Directory] Clearing content in below folder: 
/Users/mibin.boban/Documents/Solutions/ccs-enterprise-automation-ui-project/target/html-report/ 
2022-07-21 14:47:13,053 INFO  [Directory] Directory was created
/Users/mibin.boban/Documents/Solutions/ccs-enterprise-automation-ui-project/target/html-report/ 
2022-07-21 14:47:13,743 INFO  [TestBase] Obj repository:/Users/mibin.boban/Documents/Solutions/ccs-enterprise-automation-ui-project/src/test/resources/objectRepository/ 
2022-07-21 14:47:13,743 INFO  [TestBase] Obj repository:2 
2022-07-21 14:47:13,758 INFO  [Executor] Getting List of Test Cases to execute. 
2022-07-21 14:47:13,758 INFO  [Executor] Getting List of Test Cases to execute. 
2022-07-21 14:47:13,758 INFO  [Executor] Getting List of Test Cases to execute. 
2022-07-21 14:47:18,845 INFO  [Log] ********************************CCS Enterprise Test Automation*************************************** 
2022-07-21 14:47:18,847 INFO  [Log] **************************************************************************************** 
2022-07-21 14:47:18,847 INFO  [Log] 				TC001_SIGNIN START 
2022-07-21 14:47:18,848 INFO  [Log] **************************************************************************************** 
2022-07-21 14:47:18,848 INFO  [Log] **************************************************************************************** 
2022-07-21 14:47:18,967 INFO  [Executor] Keyword: WaitForElemPresence Value:  
2022-07-21 14:47:19,017 INFO  [Log] ********************************CCS Enterprise Test Automation*************************************** 
2022-07-21 14:47:19,020 INFO  [Log] **************************************************************************************** 
2022-07-21 14:47:19,020 INFO  [Log] 				TC002_LOGIN START 
2022-07-21 14:47:19,020 INFO  [Log] **************************************************************************************** 
2022-07-21 14:47:19,021 INFO  [Log] **************************************************************************************** 
2022-07-21 14:47:19,022 INFO  [Executor] Keyword: WaitForElemPresence Value:  
2022-07-21 14:47:19,754 INFO  [Executor] Keyword: EnterValue Value: pcc.esourcingtest13@yopmail.com 
2022-07-21 14:47:20,420 INFO  [Executor] Keyword: EnterValue Value: Test_12345 
2022-07-21 14:47:20,467 INFO  [Executor] Keyword: EnterValue Value: pcc.esourcingtest13@yopmail.com 
2022-07-21 14:47:20,688 INFO  [Log] ********************************CCS Enterprise Test Automation*************************************** 
2022-07-21 14:47:20,688 INFO  [Log] **************************************************************************************** 
2022-07-21 14:47:20,688 INFO  [Log] 				TC001_SIGNIN START 
2022-07-21 14:47:20,688 INFO  [Log] **************************************************************************************** 
2022-07-21 14:47:20,688 INFO  [Log] **************************************************************************************** 
2022-07-21 14:47:20,689 INFO  [Executor] Keyword: WaitForElemPresence Value:  
2022-07-21 14:47:20,746 INFO  [Executor] Keyword: ClickOnElement Value:  
2022-07-21 14:47:20,782 INFO  [Executor] Keyword: EnterValue Value: pcc.esourcingtest13@yopmail.com 
2022-07-21 14:47:21,009 INFO  [Executor] Keyword: WaitForElemPresence Value:  
2022-07-21 14:47:21,107 INFO  [Executor] Keyword: EnterValue Value: Test_12345 
2022-07-21 14:47:21,322 INFO  [Executor] Keyword: EnterValue Value: Test_12345 
2022-07-21 14:47:21,390 INFO  [Executor] Keyword: ClickOnElement Value:  
2022-07-21 14:47:21,733 INFO  [Executor] Keyword: ClickOnElement Value:  
2022-07-21 14:47:21,870 INFO  [Executor] Keyword: WaitForElemPresence Value:  
2022-07-21 14:47:22,100 INFO  [Executor] Keyword: WaitForElemAbsence Value:  
2022-07-21 14:47:22,895 INFO  [TestBase] Closing all the browser. 
2022-07-21 14:47:24,154 INFO  [TestBase] Closing all the browser. 
2022-07-21 14:47:24,456 INFO  [Log] ********************************CCS Enterprise Test Automation*************************************** 
2022-07-21 14:47:24,456 INFO  [Log] **************************************************************************************** 
2022-07-21 14:47:24,456 INFO  [Log] 				TC002_LOGIN START 
2022-07-21 14:47:24,456 INFO  [Log] **************************************************************************************** 
2022-07-21 14:47:24,456 INFO  [Log] **************************************************************************************** 
2022-07-21 14:47:24,457 INFO  [Executor] Keyword: WaitForElemPresence Value:  
2022-07-21 14:47:24,673 INFO  [TestBase] Closing all the browser. 
2022-07-21 14:47:24,794 INFO  [Executor] Keyword: EnterValue Value: pcc.esourcingtest13@yopmail.com 
2022-07-21 14:47:25,018 INFO  [Log] **************************************************************************************** 
2022-07-21 14:47:25,018 INFO  [Log] **************************************************************************************** 
2022-07-21 14:47:25,018 INFO  [Log] 				TC002_LOGIN PASS 
2022-07-21 14:47:25,019 INFO  [Log] **************************************************************************************** 
2022-07-21 14:47:25,019 INFO  [Log] **************************************************************************************** 
2022-07-21 14:47:25,151 INFO  [Log] ********************************CCS Enterprise Test Automation*************************************** 
2022-07-21 14:47:25,151 INFO  [Log] **************************************************************************************** 
2022-07-21 14:47:25,151 INFO  [Log] 				TC001_SIGNIN START 
2022-07-21 14:47:25,151 INFO  [Log] **************************************************************************************** 
2022-07-21 14:47:25,152 INFO  [Log] **************************************************************************************** 
2022-07-21 14:47:25,152 INFO  [Executor] Keyword: WaitForElemPresence Value:  
2022-07-21 14:47:25,282 INFO  [Executor] Keyword: EnterValue Value: Test_12345 
2022-07-21 14:47:25,443 INFO  [Executor] Keyword: EnterValue Value: pcc.esourcingtest13@yopmail.com 
2022-07-21 14:47:25,551 INFO  [Log] **************************************************************************************** 
2022-07-21 14:47:25,552 INFO  [Log] **************************************************************************************** 
2022-07-21 14:47:25,552 INFO  [Log] 				TC001_SIGNIN PASS 
2022-07-21 14:47:25,552 INFO  [Log] **************************************************************************************** 
2022-07-21 14:47:25,552 INFO  [Log] **************************************************************************************** 
2022-07-21 14:47:25,975 INFO  [Log] **************************************************************************************** 
2022-07-21 14:47:25,975 INFO  [Log] **************************************************************************************** 
2022-07-21 14:47:25,975 INFO  [Log] 				TC001_SIGNIN PASS 
2022-07-21 14:47:25,975 INFO  [Log] **************************************************************************************** 
2022-07-21 14:47:25,976 INFO  [Log] **************************************************************************************** 
2022-07-21 14:47:26,029 INFO  [Executor] Keyword: ClickOnElement Value:  
2022-07-21 14:47:26,197 INFO  [Executor] Keyword: EnterValue Value: Test_12345 
2022-07-21 14:47:26,527 INFO  [Executor] Keyword: ClickOnElement Value:  
2022-07-21 14:47:26,789 INFO  [Executor] Keyword: WaitForElemAbsence Value:  
2022-07-21 14:47:27,038 INFO  [Executor] Keyword: WaitForElemPresence Value:  
2022-07-21 14:47:27,533 INFO  [TestBase] Closing all the browser. 
2022-07-21 14:47:29,303 INFO  [Log] **************************************************************************************** 
2022-07-21 14:47:29,303 INFO  [Log] **************************************************************************************** 
2022-07-21 14:47:29,303 INFO  [Log] 				TC002_LOGIN PASS 
2022-07-21 14:47:29,304 INFO  [Log] **************************************************************************************** 
2022-07-21 14:47:29,304 INFO  [Log] **************************************************************************************** 
2022-07-21 14:47:32,377 INFO  [TestBase] Closing all the browser. 
2022-07-21 14:47:34,105 INFO  [Log] ********************************CCS Enterprise Test Automation*************************************** 
2022-07-21 14:47:34,105 INFO  [Log] **************************************************************************************** 
2022-07-21 14:47:34,106 INFO  [Log] 				TC002_LOGIN START 
2022-07-21 14:47:34,106 INFO  [Log] **************************************************************************************** 
2022-07-21 14:47:34,106 INFO  [Log] **************************************************************************************** 
2022-07-21 14:47:34,107 INFO  [Executor] Keyword: WaitForElemPresence Value:  
2022-07-21 14:47:34,157 INFO  [Log] **************************************************************************************** 
2022-07-21 14:47:34,157 INFO  [Log] **************************************************************************************** 
2022-07-21 14:47:34,158 INFO  [Log] 				TC001_SIGNIN PASS 
2022-07-21 14:47:34,158 INFO  [Log] **************************************************************************************** 
2022-07-21 14:47:34,158 INFO  [Log] **************************************************************************************** 
2022-07-21 14:47:34,264 INFO  [Executor] Keyword: EnterValue Value: pcc.esourcingtest13@yopmail.com 
2022-07-21 14:47:34,591 INFO  [Executor] Keyword: EnterValue Value: Test_12345 
2022-07-21 14:47:34,873 INFO  [Executor] Keyword: ClickOnElement Value:  
2022-07-21 14:47:35,350 INFO  [Executor] Keyword: WaitForElemAbsence Value:  
2022-07-21 14:47:35,997 INFO  [TestBase] Closing all the browser. 
2022-07-21 14:47:37,809 INFO  [Log] **************************************************************************************** 
2022-07-21 14:47:37,809 INFO  [Log] **************************************************************************************** 
2022-07-21 14:47:37,809 INFO  [Log] 				TC002_LOGIN PASS 
2022-07-21 14:47:37,810 INFO  [Log] **************************************************************************************** 
2022-07-21 14:47:37,810 INFO  [Log] **************************************************************************************** 
